<?xml version="1.0" encoding="UTF-8"?>
<coverage generated="1768230592570" clover="3.2.0">
  <project timestamp="1768230592570" name="All files">
    <metrics statements="304" coveredstatements="269" conditionals="123" coveredconditionals="103" methods="49" coveredmethods="45" elements="476" coveredelements="417" complexity="0" loc="304" ncloc="304" packages="1" files="4" classes="4"/>
    <file name="contentProcessor.ts" path="/home/anthonyd/Git/accordion-mendix-widget/src/utils/contentProcessor.ts">
      <metrics statements="113" coveredstatements="109" conditionals="48" coveredconditionals="41" methods="12" coveredmethods="12"/>
      <line num="1" count="1" type="stmt"/>
      <line num="2" count="1" type="stmt"/>
      <line num="17" count="1" type="stmt"/>
      <line num="86" count="1" type="stmt"/>
      <line num="87" count="35" type="cond" truecount="1" falsecount="0"/>
      <line num="88" count="3" type="stmt"/>
      <line num="91" count="32" type="stmt"/>
      <line num="93" count="32" type="stmt"/>
      <line num="94" count="31" type="stmt"/>
      <line num="96" count="1" type="stmt"/>
      <line num="98" count="1" type="stmt"/>
      <line num="107" count="1" type="stmt"/>
      <line num="108" count="19" type="stmt"/>
      <line num="110" count="19" type="cond" truecount="1" falsecount="0"/>
      <line num="111" count="2" type="stmt"/>
      <line num="115" count="17" type="cond" truecount="1" falsecount="0"/>
      <line num="116" count="7" type="stmt"/>
      <line num="120" count="17" type="cond" truecount="1" falsecount="0"/>
      <line num="121" count="3" type="stmt"/>
      <line num="125" count="17" type="cond" truecount="1" falsecount="0"/>
      <line num="126" count="1" type="stmt"/>
      <line num="130" count="17" type="cond" truecount="1" falsecount="0"/>
      <line num="131" count="1" type="stmt"/>
      <line num="135" count="17" type="cond" truecount="1" falsecount="0"/>
      <line num="136" count="2" type="stmt"/>
      <line num="140" count="17" type="cond" truecount="1" falsecount="0"/>
      <line num="141" count="2" type="stmt"/>
      <line num="144" count="17" type="stmt"/>
      <line num="152" count="1" type="stmt"/>
      <line num="153" count="21" type="stmt"/>
      <line num="155" count="21" type="cond" truecount="1" falsecount="0"/>
      <line num="156" count="1" type="stmt"/>
      <line num="159" count="20" type="cond" truecount="1" falsecount="1"/>
      <line num="161" count="20" type="stmt"/>
      <line num="164" count="65" type="stmt"/>
      <line num="165" count="65" type="stmt"/>
      <line num="167" count="65" type="cond" truecount="3" falsecount="0"/>
      <line num="168" count="3" type="stmt"/>
      <line num="176" count="65" type="cond" truecount="2" falsecount="1"/>
      <line num="177" count="0" type="stmt"/>
      <line num="185" count="20" type="stmt"/>
      <line num="203" count="20" type="stmt"/>
      <line num="204" count="20" type="stmt"/>
      <line num="207" count="20" type="stmt"/>
      <line num="208" count="65" type="stmt"/>
      <line num="209" count="65" type="stmt"/>
      <line num="210" count="65" type="stmt"/>
      <line num="211" count="65" type="cond" truecount="2" falsecount="0"/>
      <line num="213" count="65" type="cond" truecount="2" falsecount="0"/>
      <line num="215" count="29" type="cond" truecount="2" falsecount="0"/>
      <line num="216" count="1" type="stmt"/>
      <line num="218" count="28" type="stmt"/>
      <line num="219" count="28" type="cond" truecount="2" falsecount="0"/>
      <line num="220" count="26" type="stmt"/>
      <line num="223" count="2" type="stmt"/>
      <line num="227" count="2" type="stmt"/>
      <line num="228" count="2" type="cond" truecount="1" falsecount="0"/>
      <line num="229" count="2" type="stmt"/>
      <line num="233" count="36" type="cond" truecount="1" falsecount="0"/>
      <line num="235" count="33" type="stmt"/>
      <line num="240" count="20" type="cond" truecount="1" falsecount="0"/>
      <line num="241" count="3" type="stmt"/>
      <line num="242" count="5" type="stmt"/>
      <line num="247" count="20" type="stmt"/>
      <line num="249" count="20" type="stmt"/>
      <line num="250" count="1" type="stmt"/>
      <line num="257" count="20" type="stmt"/>
      <line num="265" count="1" type="stmt"/>
      <line num="266" count="12" type="cond" truecount="1" falsecount="0"/>
      <line num="267" count="2" type="stmt"/>
      <line num="270" count="10" type="stmt"/>
      <line num="272" count="10" type="stmt"/>
      <line num="277" count="10" type="stmt"/>
      <line num="279" count="10" type="stmt"/>
      <line num="281" count="0" type="stmt"/>
      <line num="282" count="0" type="stmt"/>
      <line num="291" count="1" type="stmt"/>
      <line num="292" count="12" type="stmt"/>
      <line num="293" count="12" type="stmt"/>
      <line num="294" count="12" type="stmt"/>
      <line num="302" count="1" type="stmt"/>
      <line num="303" count="7" type="cond" truecount="1" falsecount="0"/>
      <line num="304" count="2" type="stmt"/>
      <line num="308" count="5" type="stmt"/>
      <line num="309" count="5" type="stmt"/>
      <line num="318" count="1" type="stmt"/>
      <line num="319" count="13" type="cond" truecount="1" falsecount="0"/>
      <line num="320" count="3" type="stmt"/>
      <line num="323" count="10" type="cond" truecount="4" falsecount="0"/>
      <line num="325" count="3" type="stmt"/>
      <line num="328" count="3" type="stmt"/>
      <line num="330" count="2" type="stmt"/>
      <line num="333" count="2" type="stmt"/>
      <line num="334" count="2" type="stmt"/>
      <line num="344" count="1" type="stmt"/>
      <line num="345" count="12" type="cond" truecount="1" falsecount="0"/>
      <line num="346" count="2" type="stmt"/>
      <line num="349" count="10" type="cond" truecount="3" falsecount="1"/>
      <line num="352" count="4" type="stmt"/>
      <line num="353" count="4" type="stmt"/>
      <line num="354" count="4" type="stmt"/>
      <line num="358" count="5" type="stmt"/>
      <line num="359" count="5" type="stmt"/>
      <line num="361" count="5" type="cond" truecount="1" falsecount="0"/>
      <line num="363" count="4" type="stmt"/>
      <line num="364" count="4" type="stmt"/>
      <line num="365" count="4" type="stmt"/>
      <line num="367" count="4" type="stmt"/>
      <line num="368" count="4" type="cond" truecount="1" falsecount="0"/>
      <line num="369" count="3" type="stmt"/>
      <line num="372" count="2" type="stmt"/>
      <line num="375" count="1" type="stmt"/>
      <line num="377" count="0" type="stmt"/>
    </file>
    <file name="debugLogger.ts" path="/home/anthonyd/Git/accordion-mendix-widget/src/utils/debugLogger.ts">
      <metrics statements="13" coveredstatements="10" conditionals="2" coveredconditionals="1" methods="5" coveredmethods="3"/>
      <line num="6" count="2" type="stmt"/>
      <line num="11" count="2" type="stmt"/>
      <line num="12" count="2" type="stmt"/>
      <line num="18" count="2" type="stmt"/>
      <line num="19" count="0" type="stmt"/>
      <line num="25" count="2" type="stmt"/>
      <line num="26" count="100" type="cond" truecount="1" falsecount="0"/>
      <line num="27" count="93" type="stmt"/>
      <line num="34" count="2" type="stmt"/>
      <line num="35" count="0" type="cond" truecount="0" falsecount="1"/>
      <line num="36" count="0" type="stmt"/>
      <line num="43" count="2" type="stmt"/>
      <line num="44" count="5" type="stmt"/>
    </file>
    <file name="editingUtils.ts" path="/home/anthonyd/Git/accordion-mendix-widget/src/utils/editingUtils.ts">
      <metrics statements="17" coveredstatements="15" conditionals="5" coveredconditionals="5" methods="3" coveredmethods="3"/>
      <line num="4" count="1" type="stmt"/>
      <line num="11" count="1" type="stmt"/>
      <line num="13" count="9" type="cond" truecount="3" falsecount="0"/>
      <line num="14" count="2" type="stmt"/>
      <line num="17" count="7" type="stmt"/>
      <line num="22" count="7" type="stmt"/>
      <line num="23" count="7" type="stmt"/>
      <line num="25" count="0" type="stmt"/>
      <line num="26" count="0" type="stmt"/>
      <line num="37" count="1" type="stmt"/>
      <line num="39" count="12" type="cond" truecount="1" falsecount="0"/>
      <line num="40" count="4" type="stmt"/>
      <line num="44" count="8" type="cond" truecount="1" falsecount="0"/>
      <line num="45" count="4" type="stmt"/>
      <line num="49" count="4" type="stmt"/>
      <line num="56" count="1" type="stmt"/>
      <line num="57" count="18" type="stmt"/>
    </file>
    <file name="mendixDataService.ts" path="/home/anthonyd/Git/accordion-mendix-widget/src/utils/mendixDataService.ts">
      <metrics statements="161" coveredstatements="135" conditionals="68" coveredconditionals="56" methods="29" coveredmethods="27"/>
      <line num="9" count="1" type="stmt"/>
      <line num="10" count="1" type="stmt"/>
      <line num="11" count="1" type="stmt"/>
      <line num="47" count="32" type="cond" truecount="3" falsecount="0"/>
      <line num="48" count="28" type="stmt"/>
      <line num="50" count="4" type="cond" truecount="2" falsecount="1"/>
      <line num="51" count="0" type="stmt"/>
      <line num="53" count="4" type="stmt"/>
      <line num="63" count="10" type="stmt"/>
      <line num="64" count="10" type="stmt"/>
      <line num="65" count="10" type="cond" truecount="2" falsecount="1"/>
      <line num="66" count="0" type="stmt"/>
      <line num="67" count="0" type="stmt"/>
      <line num="70" count="10" type="stmt"/>
      <line num="72" count="10" type="stmt"/>
      <line num="75" count="10" type="stmt"/>
      <line num="78" count="0" type="stmt"/>
      <line num="90" count="0" type="cond" truecount="0" falsecount="3"/>
      <line num="91" count="0" type="stmt"/>
      <line num="93" count="0" type="cond" truecount="0" falsecount="1"/>
      <line num="94" count="0" type="stmt"/>
      <line num="96" count="0" type="stmt"/>
      <line num="104" count="1" type="stmt"/>
      <line num="106" count="17" type="cond" truecount="3" falsecount="0"/>
      <line num="107" count="2" type="stmt"/>
      <line num="108" count="2" type="cond" truecount="1" falsecount="0"/>
      <line num="112" count="15" type="cond" truecount="1" falsecount="0"/>
      <line num="113" count="5" type="stmt"/>
      <line num="117" count="10" type="cond" truecount="1" falsecount="0"/>
      <line num="118" count="10" type="stmt"/>
      <line num="121" count="0" type="stmt"/>
      <line num="128" count="1" type="stmt"/>
      <line num="129" count="7" type="cond" truecount="3" falsecount="0"/>
      <line num="130" count="4" type="stmt"/>
      <line num="140" count="1" type="stmt"/>
      <line num="141" count="5" type="stmt"/>
      <line num="142" count="5" type="cond" truecount="2" falsecount="0"/>
      <line num="145" count="5" type="cond" truecount="1" falsecount="0"/>
      <line num="146" count="1" type="stmt"/>
      <line num="147" count="1" type="stmt"/>
      <line num="149" count="4" type="cond" truecount="1" falsecount="0"/>
      <line num="150" count="1" type="stmt"/>
      <line num="151" count="1" type="stmt"/>
      <line num="155" count="3" type="cond" truecount="1" falsecount="2"/>
      <line num="156" count="0" type="stmt"/>
      <line num="157" count="0" type="stmt"/>
      <line num="158" count="0" type="stmt"/>
      <line num="161" count="0" type="stmt"/>
      <line num="162" count="0" type="stmt"/>
      <line num="163" count="0" type="stmt"/>
      <line num="164" count="0" type="stmt"/>
      <line num="166" count="0" type="stmt"/>
      <line num="170" count="3" type="stmt"/>
      <line num="171" count="3" type="stmt"/>
      <line num="180" count="1" type="stmt"/>
      <line num="182" count="4" type="cond" truecount="2" falsecount="0"/>
      <line num="183" count="6" type="stmt"/>
      <line num="184" count="6" type="cond" truecount="4" falsecount="0"/>
      <line num="187" count="4" type="stmt"/>
      <line num="197" count="1" type="stmt"/>
      <line num="198" count="5" type="stmt"/>
      <line num="199" count="5" type="stmt"/>
      <line num="200" count="5" type="cond" truecount="3" falsecount="0"/>
      <line num="201" count="1" type="stmt"/>
      <line num="202" count="1" type="stmt"/>
      <line num="205" count="4" type="stmt"/>
      <line num="207" count="4" type="stmt"/>
      <line num="210" count="3" type="cond" truecount="1" falsecount="0"/>
      <line num="211" count="1" type="stmt"/>
      <line num="213" count="3" type="cond" truecount="1" falsecount="0"/>
      <line num="214" count="1" type="stmt"/>
      <line num="216" count="3" type="stmt"/>
      <line num="219" count="1" type="stmt"/>
      <line num="220" count="1" type="stmt"/>
      <line num="233" count="1" type="stmt"/>
      <line num="238" count="6" type="stmt"/>
      <line num="239" count="6" type="stmt"/>
      <line num="240" count="6" type="cond" truecount="3" falsecount="0"/>
      <line num="241" count="1" type="stmt"/>
      <line num="242" count="1" type="stmt"/>
      <line num="246" count="5" type="stmt"/>
      <line num="247" count="5" type="stmt"/>
      <line num="248" count="5" type="cond" truecount="2" falsecount="1"/>
      <line num="249" count="0" type="stmt"/>
      <line num="252" count="0" type="stmt"/>
      <line num="253" count="0" type="stmt"/>
      <line num="254" count="0" type="stmt"/>
      <line num="257" count="5" type="stmt"/>
      <line num="260" count="4" type="cond" truecount="1" falsecount="0"/>
      <line num="261" count="1" type="stmt"/>
      <line num="263" count="4" type="cond" truecount="1" falsecount="0"/>
      <line num="264" count="1" type="stmt"/>
      <line num="266" count="4" type="stmt"/>
      <line num="269" count="1" type="stmt"/>
      <line num="270" count="1" type="stmt"/>
      <line num="282" count="1" type="stmt"/>
      <line num="283" count="4" type="stmt"/>
      <line num="284" count="4" type="stmt"/>
      <line num="285" count="4" type="cond" truecount="3" falsecount="0"/>
      <line num="286" count="1" type="stmt"/>
      <line num="287" count="1" type="stmt"/>
      <line num="290" count="3" type="stmt"/>
      <line num="293" count="2" type="cond" truecount="1" falsecount="0"/>
      <line num="294" count="1" type="stmt"/>
      <line num="296" count="2" type="stmt"/>
      <line num="299" count="1" type="stmt"/>
      <line num="300" count="1" type="stmt"/>
      <line num="317" count="1" type="stmt"/>
      <line num="325" count="7" type="stmt"/>
      <line num="326" count="7" type="cond" truecount="3" falsecount="0"/>
      <line num="327" count="1" type="stmt"/>
      <line num="332" count="6" type="stmt"/>
      <line num="333" count="6" type="stmt"/>
      <line num="336" count="6" type="cond" truecount="3" falsecount="1"/>
      <line num="337" count="6" type="stmt"/>
      <line num="338" count="6" type="stmt"/>
      <line num="339" count="6" type="stmt"/>
      <line num="341" count="6" type="cond" truecount="5" falsecount="0"/>
      <line num="342" count="1" type="stmt"/>
      <line num="345" count="5" type="stmt"/>
      <line num="346" count="5" type="stmt"/>
      <line num="347" count="5" type="stmt"/>
      <line num="348" count="5" type="stmt"/>
      <line num="349" count="0" type="cond" truecount="0" falsecount="2"/>
      <line num="351" count="0" type="stmt"/>
      <line num="352" count="0" type="stmt"/>
      <line num="354" count="0" type="stmt"/>
      <line num="357" count="5" type="stmt"/>
      <line num="358" count="5" type="stmt"/>
      <line num="361" count="5" type="stmt"/>
      <line num="362" count="5" type="stmt"/>
      <line num="364" count="5" type="stmt"/>
      <line num="365" count="5" type="stmt"/>
      <line num="366" count="5" type="stmt"/>
      <line num="367" count="5" type="stmt"/>
      <line num="371" count="5" type="stmt"/>
      <line num="377" count="5" type="stmt"/>
      <line num="378" count="5" type="stmt"/>
      <line num="379" count="5" type="stmt"/>
      <line num="381" count="5" type="stmt"/>
      <line num="385" count="5" type="stmt"/>
      <line num="391" count="5" type="stmt"/>
      <line num="392" count="5" type="stmt"/>
      <line num="393" count="5" type="stmt"/>
      <line num="396" count="4" type="stmt"/>
      <line num="397" count="4" type="stmt"/>
      <line num="398" count="4" type="stmt"/>
      <line num="401" count="3" type="stmt"/>
      <line num="402" count="3" type="cond" truecount="1" falsecount="0"/>
      <line num="403" count="1" type="stmt"/>
      <line num="405" count="3" type="cond" truecount="1" falsecount="0"/>
      <line num="406" count="1" type="stmt"/>
      <line num="407" count="1" type="stmt"/>
      <line num="409" count="3" type="stmt"/>
      <line num="410" count="3" type="stmt"/>
      <line num="413" count="1" type="stmt"/>
      <line num="414" count="1" type="stmt"/>
      <line num="419" count="1" type="stmt"/>
      <line num="424" count="1" type="stmt"/>
      <line num="425" count="1" type="stmt"/>
      <line num="426" count="1" type="stmt"/>
    </file>
  </project>
</coverage>
