<?xml version="1.0" encoding="UTF-8"?>
<coverage generated="1767622719921" clover="3.2.0">
  <project timestamp="1767622719921" name="All files">
    <metrics statements="131" coveredstatements="125" conditionals="53" coveredconditionals="46" methods="15" coveredmethods="15" elements="199" coveredelements="186" complexity="0" loc="131" ncloc="131" packages="1" files="2" classes="2"/>
    <file name="contentProcessor.ts" path="/home/anthonyd/Git/accordion-mendix-widget/src/utils/contentProcessor.ts">
      <metrics statements="115" coveredstatements="111" conditionals="48" coveredconditionals="41" methods="12" coveredmethods="12"/>
      <line num="1" count="1" type="stmt"/>
      <line num="2" count="1" type="stmt"/>
      <line num="17" count="1" type="stmt"/>
      <line num="85" count="1" type="stmt"/>
      <line num="86" count="35" type="cond" truecount="1" falsecount="0"/>
      <line num="87" count="3" type="stmt"/>
      <line num="90" count="32" type="stmt"/>
      <line num="92" count="32" type="stmt"/>
      <line num="93" count="31" type="stmt"/>
      <line num="95" count="1" type="stmt"/>
      <line num="97" count="1" type="stmt"/>
      <line num="106" count="1" type="stmt"/>
      <line num="107" count="19" type="stmt"/>
      <line num="109" count="19" type="cond" truecount="1" falsecount="0"/>
      <line num="110" count="2" type="stmt"/>
      <line num="114" count="17" type="cond" truecount="1" falsecount="0"/>
      <line num="115" count="7" type="stmt"/>
      <line num="119" count="17" type="cond" truecount="1" falsecount="0"/>
      <line num="120" count="3" type="stmt"/>
      <line num="124" count="17" type="cond" truecount="1" falsecount="0"/>
      <line num="125" count="1" type="stmt"/>
      <line num="129" count="17" type="cond" truecount="1" falsecount="0"/>
      <line num="130" count="1" type="stmt"/>
      <line num="134" count="17" type="cond" truecount="1" falsecount="0"/>
      <line num="135" count="2" type="stmt"/>
      <line num="139" count="17" type="cond" truecount="1" falsecount="0"/>
      <line num="140" count="2" type="stmt"/>
      <line num="143" count="17" type="stmt"/>
      <line num="151" count="1" type="stmt"/>
      <line num="152" count="21" type="stmt"/>
      <line num="154" count="21" type="cond" truecount="1" falsecount="0"/>
      <line num="155" count="1" type="stmt"/>
      <line num="160" count="20" type="stmt"/>
      <line num="161" count="20" type="cond" truecount="1" falsecount="1"/>
      <line num="163" count="20" type="stmt"/>
      <line num="166" count="65" type="stmt"/>
      <line num="167" count="65" type="stmt"/>
      <line num="169" count="65" type="cond" truecount="3" falsecount="0"/>
      <line num="170" count="3" type="cond" truecount="1" falsecount="1"/>
      <line num="174" count="65" type="cond" truecount="2" falsecount="1"/>
      <line num="175" count="0" type="cond" truecount="0" falsecount="2"/>
      <line num="181" count="20" type="stmt"/>
      <line num="184" count="20" type="stmt"/>
      <line num="185" count="20" type="stmt"/>
      <line num="188" count="20" type="stmt"/>
      <line num="189" count="65" type="stmt"/>
      <line num="190" count="65" type="stmt"/>
      <line num="191" count="65" type="stmt"/>
      <line num="192" count="65" type="cond" truecount="2" falsecount="0"/>
      <line num="194" count="65" type="cond" truecount="2" falsecount="0"/>
      <line num="196" count="29" type="cond" truecount="2" falsecount="0"/>
      <line num="197" count="1" type="stmt"/>
      <line num="199" count="28" type="stmt"/>
      <line num="200" count="28" type="cond" truecount="2" falsecount="0"/>
      <line num="201" count="26" type="stmt"/>
      <line num="204" count="2" type="stmt"/>
      <line num="206" count="2" type="stmt"/>
      <line num="207" count="2" type="cond" truecount="1" falsecount="0"/>
      <line num="208" count="2" type="stmt"/>
      <line num="212" count="36" type="cond" truecount="1" falsecount="0"/>
      <line num="214" count="33" type="stmt"/>
      <line num="219" count="20" type="cond" truecount="1" falsecount="0"/>
      <line num="220" count="3" type="stmt"/>
      <line num="221" count="5" type="stmt"/>
      <line num="226" count="20" type="stmt"/>
      <line num="228" count="20" type="stmt"/>
      <line num="229" count="1" type="cond" truecount="1" falsecount="1"/>
      <line num="232" count="20" type="stmt"/>
      <line num="240" count="1" type="stmt"/>
      <line num="241" count="12" type="cond" truecount="1" falsecount="0"/>
      <line num="242" count="2" type="stmt"/>
      <line num="245" count="10" type="stmt"/>
      <line num="247" count="10" type="stmt"/>
      <line num="252" count="10" type="stmt"/>
      <line num="254" count="10" type="stmt"/>
      <line num="256" count="0" type="stmt"/>
      <line num="257" count="0" type="stmt"/>
      <line num="266" count="1" type="stmt"/>
      <line num="267" count="12" type="stmt"/>
      <line num="268" count="12" type="stmt"/>
      <line num="269" count="12" type="stmt"/>
      <line num="277" count="1" type="stmt"/>
      <line num="278" count="7" type="cond" truecount="1" falsecount="0"/>
      <line num="279" count="2" type="stmt"/>
      <line num="283" count="5" type="stmt"/>
      <line num="284" count="5" type="stmt"/>
      <line num="293" count="1" type="stmt"/>
      <line num="294" count="13" type="cond" truecount="1" falsecount="0"/>
      <line num="295" count="3" type="stmt"/>
      <line num="298" count="10" type="cond" truecount="4" falsecount="0"/>
      <line num="300" count="3" type="stmt"/>
      <line num="303" count="3" type="stmt"/>
      <line num="305" count="2" type="stmt"/>
      <line num="308" count="2" type="stmt"/>
      <line num="309" count="2" type="stmt"/>
      <line num="319" count="1" type="stmt"/>
      <line num="320" count="12" type="cond" truecount="1" falsecount="0"/>
      <line num="321" count="2" type="stmt"/>
      <line num="324" count="10" type="cond" truecount="3" falsecount="1"/>
      <line num="327" count="4" type="stmt"/>
      <line num="328" count="4" type="stmt"/>
      <line num="329" count="4" type="stmt"/>
      <line num="333" count="5" type="stmt"/>
      <line num="334" count="5" type="stmt"/>
      <line num="336" count="5" type="cond" truecount="1" falsecount="0"/>
      <line num="338" count="4" type="stmt"/>
      <line num="339" count="4" type="stmt"/>
      <line num="340" count="4" type="stmt"/>
      <line num="342" count="4" type="stmt"/>
      <line num="343" count="4" type="cond" truecount="1" falsecount="0"/>
      <line num="344" count="3" type="stmt"/>
      <line num="345" count="3" type="stmt"/>
      <line num="349" count="2" type="stmt"/>
      <line num="352" count="1" type="stmt"/>
      <line num="354" count="0" type="stmt"/>
    </file>
    <file name="editingUtils.ts" path="/home/anthonyd/Git/accordion-mendix-widget/src/utils/editingUtils.ts">
      <metrics statements="16" coveredstatements="14" conditionals="5" coveredconditionals="5" methods="3" coveredmethods="3"/>
      <line num="10" count="1" type="stmt"/>
      <line num="12" count="9" type="cond" truecount="3" falsecount="0"/>
      <line num="13" count="2" type="stmt"/>
      <line num="16" count="7" type="stmt"/>
      <line num="21" count="7" type="stmt"/>
      <line num="22" count="7" type="stmt"/>
      <line num="24" count="0" type="stmt"/>
      <line num="25" count="0" type="stmt"/>
      <line num="36" count="1" type="stmt"/>
      <line num="42" count="12" type="cond" truecount="1" falsecount="0"/>
      <line num="43" count="4" type="stmt"/>
      <line num="47" count="8" type="cond" truecount="1" falsecount="0"/>
      <line num="48" count="4" type="stmt"/>
      <line num="52" count="4" type="stmt"/>
      <line num="59" count="1" type="stmt"/>
      <line num="60" count="18" type="stmt"/>
    </file>
  </project>
</coverage>
