{"/home/anthonyd/Git/accordion-mendix-widget/src/utils/contentProcessor.ts": {"path":"/home/anthonyd/Git/accordion-mendix-widget/src/utils/contentProcessor.ts","statementMap":{"0":{"start":{"line":86,"column":0},"end":{"line":86,"column":16}},"1":{"start":{"line":107,"column":0},"end":{"line":107,"column":16}},"2":{"start":{"line":152,"column":0},"end":{"line":152,"column":16}},"3":{"start":{"line":265,"column":0},"end":{"line":265,"column":16}},"4":{"start":{"line":291,"column":0},"end":{"line":291,"column":16}},"5":{"start":{"line":302,"column":0},"end":{"line":302,"column":16}},"6":{"start":{"line":318,"column":0},"end":{"line":318,"column":16}},"7":{"start":{"line":344,"column":0},"end":{"line":344,"column":16}},"8":{"start":{"line":1,"column":0},"end":{"line":1,"column":34}},"9":{"start":{"line":2,"column":0},"end":{"line":2,"column":32}},"10":{"start":{"line":17,"column":24},"end":{"line":79,"column":2}},"11":{"start":{"line":87,"column":4},"end":{"line":89,"column":5}},"12":{"start":{"line":88,"column":8},"end":{"line":88,"column":18}},"13":{"start":{"line":91,"column":4},"end":{"line":99,"column":5}},"14":{"start":{"line":93,"column":26},"end":{"line":93,"column":67}},"15":{"start":{"line":94,"column":8},"end":{"line":94,"column":25}},"16":{"start":{"line":96,"column":8},"end":{"line":96,"column":55}},"17":{"start":{"line":98,"column":8},"end":{"line":98,"column":32}},"18":{"start":{"line":108,"column":29},"end":{"line":108,"column":31}},"19":{"start":{"line":110,"column":4},"end":{"line":112,"column":5}},"20":{"start":{"line":111,"column":8},"end":{"line":111,"column":22}},"21":{"start":{"line":115,"column":4},"end":{"line":117,"column":5}},"22":{"start":{"line":116,"column":8},"end":{"line":116,"column":72}},"23":{"start":{"line":120,"column":4},"end":{"line":122,"column":5}},"24":{"start":{"line":121,"column":8},"end":{"line":121,"column":99}},"25":{"start":{"line":125,"column":4},"end":{"line":127,"column":5}},"26":{"start":{"line":126,"column":8},"end":{"line":126,"column":87}},"27":{"start":{"line":130,"column":4},"end":{"line":132,"column":5}},"28":{"start":{"line":131,"column":8},"end":{"line":131,"column":61}},"29":{"start":{"line":135,"column":4},"end":{"line":137,"column":5}},"30":{"start":{"line":136,"column":8},"end":{"line":136,"column":51}},"31":{"start":{"line":140,"column":4},"end":{"line":142,"column":5}},"32":{"start":{"line":141,"column":8},"end":{"line":141,"column":61}},"33":{"start":{"line":144,"column":4},"end":{"line":144,"column":18}},"34":{"start":{"line":153,"column":29},"end":{"line":153,"column":31}},"35":{"start":{"line":155,"column":4},"end":{"line":157,"column":5}},"36":{"start":{"line":156,"column":8},"end":{"line":156,"column":22}},"37":{"start":{"line":159,"column":20},"end":{"line":159,"column":48}},"38":{"start":{"line":161,"column":4},"end":{"line":181,"column":7}},"39":{"start":{"line":164,"column":35},"end":{"line":164,"column":65}},"40":{"start":{"line":165,"column":35},"end":{"line":165,"column":65}},"41":{"start":{"line":167,"column":8},"end":{"line":173,"column":9}},"42":{"start":{"line":168,"column":12},"end":{"line":172,"column":14}},"43":{"start":{"line":176,"column":8},"end":{"line":180,"column":9}},"44":{"start":{"line":177,"column":12},"end":{"line":179,"column":14}},"45":{"start":{"line":185,"column":28},"end":{"line":200,"column":6}},"46":{"start":{"line":203,"column":63},"end":{"line":203,"column":65}},"47":{"start":{"line":204,"column":21},"end":{"line":204,"column":56}},"48":{"start":{"line":207,"column":4},"end":{"line":237,"column":5}},"49":{"start":{"line":208,"column":24},"end":{"line":208,"column":32}},"50":{"start":{"line":209,"column":24},"end":{"line":209,"column":46}},"51":{"start":{"line":210,"column":26},"end":{"line":210,"column":50}},"52":{"start":{"line":211,"column":30},"end":{"line":211,"column":89}},"53":{"start":{"line":213,"column":8},"end":{"line":236,"column":9}},"54":{"start":{"line":215,"column":12},"end":{"line":232,"column":13}},"55":{"start":{"line":216,"column":16},"end":{"line":216,"column":67}},"56":{"start":{"line":218,"column":35},"end":{"line":218,"column":64}},"57":{"start":{"line":219,"column":16},"end":{"line":231,"column":17}},"58":{"start":{"line":220,"column":20},"end":{"line":220,"column":35}},"59":{"start":{"line":223,"column":20},"end":{"line":225,"column":22}},"60":{"start":{"line":227,"column":39},"end":{"line":227,"column":83}},"61":{"start":{"line":227,"column":65},"end":{"line":227,"column":82}},"62":{"start":{"line":228,"column":20},"end":{"line":230,"column":21}},"63":{"start":{"line":229,"column":24},"end":{"line":229,"column":55}},"64":{"start":{"line":233,"column":15},"end":{"line":236,"column":9}},"65":{"start":{"line":235,"column":12},"end":{"line":235,"column":67}},"66":{"start":{"line":240,"column":4},"end":{"line":244,"column":5}},"67":{"start":{"line":241,"column":8},"end":{"line":243,"column":11}},"68":{"start":{"line":242,"column":12},"end":{"line":242,"column":83}},"69":{"start":{"line":247,"column":33},"end":{"line":247,"column":72}},"70":{"start":{"line":249,"column":4},"end":{"line":255,"column":5}},"71":{"start":{"line":250,"column":8},"end":{"line":254,"column":10}},"72":{"start":{"line":257,"column":4},"end":{"line":257,"column":18}},"73":{"start":{"line":266,"column":4},"end":{"line":268,"column":5}},"74":{"start":{"line":267,"column":8},"end":{"line":267,"column":18}},"75":{"start":{"line":270,"column":4},"end":{"line":283,"column":5}},"76":{"start":{"line":272,"column":8},"end":{"line":275,"column":11}},"77":{"start":{"line":277,"column":21},"end":{"line":277,"column":53}},"78":{"start":{"line":279,"column":8},"end":{"line":279,"column":34}},"79":{"start":{"line":281,"column":8},"end":{"line":281,"column":56}},"80":{"start":{"line":282,"column":8},"end":{"line":282,"column":36}},"81":{"start":{"line":292,"column":16},"end":{"line":292,"column":45}},"82":{"start":{"line":293,"column":4},"end":{"line":293,"column":27}},"83":{"start":{"line":294,"column":4},"end":{"line":294,"column":25}},"84":{"start":{"line":303,"column":4},"end":{"line":305,"column":5}},"85":{"start":{"line":304,"column":8},"end":{"line":304,"column":18}},"86":{"start":{"line":308,"column":20},"end":{"line":308,"column":36}},"87":{"start":{"line":309,"column":4},"end":{"line":309,"column":42}},"88":{"start":{"line":319,"column":4},"end":{"line":321,"column":5}},"89":{"start":{"line":320,"column":8},"end":{"line":320,"column":18}},"90":{"start":{"line":323,"column":4},"end":{"line":335,"column":5}},"91":{"start":{"line":325,"column":12},"end":{"line":325,"column":41}},"92":{"start":{"line":328,"column":12},"end":{"line":328,"column":43}},"93":{"start":{"line":330,"column":12},"end":{"line":330,"column":39}},"94":{"start":{"line":333,"column":12},"end":{"line":333,"column":86}},"95":{"start":{"line":334,"column":12},"end":{"line":334,"column":41}},"96":{"start":{"line":345,"column":4},"end":{"line":347,"column":5}},"97":{"start":{"line":346,"column":8},"end":{"line":346,"column":18}},"98":{"start":{"line":349,"column":4},"end":{"line":378,"column":5}},"99":{"start":{"line":352,"column":37},"end":{"line":352,"column":58}},"100":{"start":{"line":353,"column":35},"end":{"line":353,"column":62}},"101":{"start":{"line":354,"column":12},"end":{"line":354,"column":60}},"102":{"start":{"line":358,"column":32},"end":{"line":358,"column":42}},"103":{"start":{"line":359,"column":32},"end":{"line":359,"column":58}},"104":{"start":{"line":361,"column":12},"end":{"line":371,"column":13}},"105":{"start":{"line":363,"column":36},"end":{"line":363,"column":56}},"106":{"start":{"line":364,"column":45},"end":{"line":364,"column":70}},"107":{"start":{"line":365,"column":43},"end":{"line":365,"column":74}},"108":{"start":{"line":367,"column":36},"end":{"line":367,"column":84}},"109":{"start":{"line":368,"column":16},"end":{"line":370,"column":17}},"110":{"start":{"line":369,"column":20},"end":{"line":369,"column":97}},"111":{"start":{"line":369,"column":56},"end":{"line":369,"column":95}},"112":{"start":{"line":372,"column":12},"end":{"line":372,"column":22}},"113":{"start":{"line":375,"column":12},"end":{"line":375,"column":22}},"114":{"start":{"line":377,"column":12},"end":{"line":377,"column":22}}},"fnMap":{"0":{"name":"sanitizeHTML","decl":{"start":{"line":86,"column":16},"end":{"line":86,"column":28}},"loc":{"start":{"line":86,"column":41},"end":{"line":100,"column":1}}},"1":{"name":"validateHTML","decl":{"start":{"line":107,"column":16},"end":{"line":107,"column":28}},"loc":{"start":{"line":107,"column":41},"end":{"line":145,"column":1}}},"2":{"name":"validateHTMLSyntax","decl":{"start":{"line":152,"column":16},"end":{"line":152,"column":34}},"loc":{"start":{"line":152,"column":47},"end":{"line":258,"column":1}}},"3":{"name":"(anonymous_4)","decl":{"start":{"line":161,"column":20},"end":{"line":161,"column":21}},"loc":{"start":{"line":161,"column":28},"end":{"line":181,"column":5}}},"4":{"name":"(anonymous_5)","decl":{"start":{"line":227,"column":58},"end":{"line":227,"column":59}},"loc":{"start":{"line":227,"column":65},"end":{"line":227,"column":82}}},"5":{"name":"(anonymous_6)","decl":{"start":{"line":241,"column":25},"end":{"line":241,"column":26}},"loc":{"start":{"line":241,"column":37},"end":{"line":243,"column":9}}},"6":{"name":"markdownToHTML","decl":{"start":{"line":265,"column":16},"end":{"line":265,"column":30}},"loc":{"start":{"line":265,"column":47},"end":{"line":284,"column":1}}},"7":{"name":"escapeHTML","decl":{"start":{"line":291,"column":16},"end":{"line":291,"column":26}},"loc":{"start":{"line":291,"column":39},"end":{"line":295,"column":1}}},"8":{"name":"textToHTML","decl":{"start":{"line":302,"column":16},"end":{"line":302,"column":26}},"loc":{"start":{"line":302,"column":39},"end":{"line":310,"column":1}}},"9":{"name":"processContent","decl":{"start":{"line":318,"column":16},"end":{"line":318,"column":30}},"loc":{"start":{"line":318,"column":69},"end":{"line":336,"column":1}}},"10":{"name":"getContentWarnings","decl":{"start":{"line":344,"column":16},"end":{"line":344,"column":34}},"loc":{"start":{"line":344,"column":73},"end":{"line":379,"column":1}}},"11":{"name":"(anonymous_12)","decl":{"start":{"line":369,"column":43},"end":{"line":369,"column":44}},"loc":{"start":{"line":369,"column":56},"end":{"line":369,"column":95}}}},"branchMap":{"0":{"loc":{"start":{"line":87,"column":4},"end":{"line":89,"column":5}},"type":"if","locations":[{"start":{"line":87,"column":4},"end":{"line":89,"column":5}}]},"1":{"loc":{"start":{"line":110,"column":4},"end":{"line":112,"column":5}},"type":"if","locations":[{"start":{"line":110,"column":4},"end":{"line":112,"column":5}}]},"2":{"loc":{"start":{"line":115,"column":4},"end":{"line":117,"column":5}},"type":"if","locations":[{"start":{"line":115,"column":4},"end":{"line":117,"column":5}}]},"3":{"loc":{"start":{"line":120,"column":4},"end":{"line":122,"column":5}},"type":"if","locations":[{"start":{"line":120,"column":4},"end":{"line":122,"column":5}}]},"4":{"loc":{"start":{"line":125,"column":4},"end":{"line":127,"column":5}},"type":"if","locations":[{"start":{"line":125,"column":4},"end":{"line":127,"column":5}}]},"5":{"loc":{"start":{"line":130,"column":4},"end":{"line":132,"column":5}},"type":"if","locations":[{"start":{"line":130,"column":4},"end":{"line":132,"column":5}}]},"6":{"loc":{"start":{"line":135,"column":4},"end":{"line":137,"column":5}},"type":"if","locations":[{"start":{"line":135,"column":4},"end":{"line":137,"column":5}}]},"7":{"loc":{"start":{"line":140,"column":4},"end":{"line":142,"column":5}},"type":"if","locations":[{"start":{"line":140,"column":4},"end":{"line":142,"column":5}}]},"8":{"loc":{"start":{"line":155,"column":4},"end":{"line":157,"column":5}},"type":"if","locations":[{"start":{"line":155,"column":4},"end":{"line":157,"column":5}}]},"9":{"loc":{"start":{"line":159,"column":20},"end":{"line":159,"column":48}},"type":"binary-expr","locations":[{"start":{"line":159,"column":20},"end":{"line":159,"column":42}},{"start":{"line":159,"column":46},"end":{"line":159,"column":48}}]},"10":{"loc":{"start":{"line":167,"column":8},"end":{"line":173,"column":9}},"type":"if","locations":[{"start":{"line":167,"column":8},"end":{"line":173,"column":9}}]},"11":{"loc":{"start":{"line":167,"column":12},"end":{"line":167,"column":52}},"type":"binary-expr","locations":[{"start":{"line":167,"column":12},"end":{"line":167,"column":30}},{"start":{"line":167,"column":34},"end":{"line":167,"column":52}}]},"12":{"loc":{"start":{"line":170,"column":20},"end":{"line":170,"column":null}},"type":"cond-expr","locations":[{"start":{"line":170,"column":38},"end":{"line":170,"column":43}},{"start":{"line":170,"column":46},"end":{"line":170,"column":null}}]},"13":{"loc":{"start":{"line":176,"column":8},"end":{"line":180,"column":9}},"type":"if","locations":[{"start":{"line":176,"column":8},"end":{"line":180,"column":9}}]},"14":{"loc":{"start":{"line":176,"column":12},"end":{"line":176,"column":53}},"type":"binary-expr","locations":[{"start":{"line":176,"column":12},"end":{"line":176,"column":31}},{"start":{"line":176,"column":35},"end":{"line":176,"column":53}}]},"15":{"loc":{"start":{"line":178,"column":64},"end":{"line":178,"column":92}},"type":"cond-expr","locations":[{"start":{"line":178,"column":82},"end":{"line":178,"column":87}},{"start":{"line":178,"column":90},"end":{"line":178,"column":92}}]},"16":{"loc":{"start":{"line":211,"column":30},"end":{"line":211,"column":89}},"type":"binary-expr","locations":[{"start":{"line":211,"column":30},"end":{"line":211,"column":52}},{"start":{"line":211,"column":56},"end":{"line":211,"column":89}}]},"17":{"loc":{"start":{"line":213,"column":8},"end":{"line":236,"column":9}},"type":"if","locations":[{"start":{"line":213,"column":8},"end":{"line":236,"column":9}},{"start":{"line":233,"column":15},"end":{"line":236,"column":9}}]},"18":{"loc":{"start":{"line":215,"column":12},"end":{"line":232,"column":13}},"type":"if","locations":[{"start":{"line":215,"column":12},"end":{"line":232,"column":13}},{"start":{"line":217,"column":19},"end":{"line":232,"column":13}}]},"19":{"loc":{"start":{"line":219,"column":16},"end":{"line":231,"column":17}},"type":"if","locations":[{"start":{"line":219,"column":16},"end":{"line":231,"column":17}},{"start":{"line":221,"column":23},"end":{"line":231,"column":17}}]},"20":{"loc":{"start":{"line":228,"column":20},"end":{"line":230,"column":21}},"type":"if","locations":[{"start":{"line":228,"column":20},"end":{"line":230,"column":21}}]},"21":{"loc":{"start":{"line":233,"column":15},"end":{"line":236,"column":9}},"type":"if","locations":[{"start":{"line":233,"column":15},"end":{"line":236,"column":9}}]},"22":{"loc":{"start":{"line":240,"column":4},"end":{"line":244,"column":5}},"type":"if","locations":[{"start":{"line":240,"column":4},"end":{"line":244,"column":5}}]},"23":{"loc":{"start":{"line":252,"column":16},"end":{"line":252,"column":null}},"type":"cond-expr","locations":[{"start":{"line":252,"column":43},"end":{"line":252,"column":48}},{"start":{"line":252,"column":51},"end":{"line":252,"column":null}}]},"24":{"loc":{"start":{"line":266,"column":4},"end":{"line":268,"column":5}},"type":"if","locations":[{"start":{"line":266,"column":4},"end":{"line":268,"column":5}}]},"25":{"loc":{"start":{"line":303,"column":4},"end":{"line":305,"column":5}},"type":"if","locations":[{"start":{"line":303,"column":4},"end":{"line":305,"column":5}}]},"26":{"loc":{"start":{"line":319,"column":4},"end":{"line":321,"column":5}},"type":"if","locations":[{"start":{"line":319,"column":4},"end":{"line":321,"column":5}}]},"27":{"loc":{"start":{"line":323,"column":4},"end":{"line":335,"column":5}},"type":"switch","locations":[{"start":{"line":324,"column":8},"end":{"line":325,"column":41}},{"start":{"line":326,"column":8},"end":{"line":328,"column":43}},{"start":{"line":329,"column":8},"end":{"line":330,"column":39}},{"start":{"line":331,"column":8},"end":{"line":334,"column":41}}]},"28":{"loc":{"start":{"line":345,"column":4},"end":{"line":347,"column":5}},"type":"if","locations":[{"start":{"line":345,"column":4},"end":{"line":347,"column":5}}]},"29":{"loc":{"start":{"line":349,"column":4},"end":{"line":378,"column":5}},"type":"switch","locations":[{"start":{"line":350,"column":8},"end":{"line":354,"column":60}},{"start":{"line":355,"column":8},"end":{"line":372,"column":22}},{"start":{"line":373,"column":8},"end":{"line":375,"column":22}},{"start":{"line":376,"column":8},"end":{"line":377,"column":22}}]},"30":{"loc":{"start":{"line":361,"column":12},"end":{"line":371,"column":13}},"type":"if","locations":[{"start":{"line":361,"column":12},"end":{"line":371,"column":13}}]},"31":{"loc":{"start":{"line":368,"column":16},"end":{"line":370,"column":17}},"type":"if","locations":[{"start":{"line":368,"column":16},"end":{"line":370,"column":17}}]}},"s":{"0":1,"1":1,"2":1,"3":1,"4":1,"5":1,"6":1,"7":1,"8":1,"9":1,"10":1,"11":35,"12":3,"13":32,"14":32,"15":31,"16":1,"17":1,"18":19,"19":19,"20":2,"21":17,"22":7,"23":17,"24":3,"25":17,"26":1,"27":17,"28":1,"29":17,"30":2,"31":17,"32":2,"33":17,"34":21,"35":21,"36":1,"37":20,"38":20,"39":65,"40":65,"41":65,"42":3,"43":65,"44":0,"45":20,"46":20,"47":20,"48":20,"49":65,"50":65,"51":65,"52":65,"53":65,"54":29,"55":1,"56":28,"57":28,"58":26,"59":2,"60":2,"61":2,"62":2,"63":2,"64":36,"65":33,"66":20,"67":3,"68":5,"69":20,"70":20,"71":1,"72":20,"73":12,"74":2,"75":10,"76":10,"77":10,"78":10,"79":0,"80":0,"81":12,"82":12,"83":12,"84":7,"85":2,"86":5,"87":5,"88":13,"89":3,"90":10,"91":3,"92":3,"93":2,"94":2,"95":2,"96":12,"97":2,"98":10,"99":4,"100":4,"101":4,"102":5,"103":5,"104":5,"105":4,"106":4,"107":4,"108":4,"109":4,"110":3,"111":3,"112":2,"113":1,"114":0},"f":{"0":35,"1":19,"2":21,"3":65,"4":2,"5":5,"6":12,"7":12,"8":7,"9":13,"10":12,"11":3},"b":{"0":[3],"1":[2],"2":[7],"3":[3],"4":[1],"5":[1],"6":[2],"7":[2],"8":[1],"9":[20,0],"10":[3],"11":[65,64],"12":[0,3],"13":[0],"14":[65,65],"15":[0,0],"16":[65,64],"17":[29,36],"18":[1,28],"19":[26,2],"20":[2],"21":[33],"22":[3],"23":[0,1],"24":[2],"25":[2],"26":[3],"27":[3,3,2,2],"28":[2],"29":[4,5,1,0],"30":[4],"31":[3]}}
,"/home/anthonyd/Git/accordion-mendix-widget/src/utils/debugLogger.ts": {"path":"/home/anthonyd/Git/accordion-mendix-widget/src/utils/debugLogger.ts","statementMap":{"0":{"start":{"line":11,"column":0},"end":{"line":11,"column":16}},"1":{"start":{"line":18,"column":0},"end":{"line":18,"column":16}},"2":{"start":{"line":25,"column":0},"end":{"line":25,"column":16}},"3":{"start":{"line":34,"column":0},"end":{"line":34,"column":16}},"4":{"start":{"line":43,"column":0},"end":{"line":43,"column":16}},"5":{"start":{"line":6,"column":19},"end":{"line":6,"column":24}},"6":{"start":{"line":12,"column":4},"end":{"line":12,"column":27}},"7":{"start":{"line":19,"column":4},"end":{"line":19,"column":24}},"8":{"start":{"line":26,"column":4},"end":{"line":28,"column":5}},"9":{"start":{"line":27,"column":8},"end":{"line":27,"column":48}},"10":{"start":{"line":35,"column":4},"end":{"line":37,"column":5}},"11":{"start":{"line":36,"column":8},"end":{"line":36,"column":49}},"12":{"start":{"line":44,"column":4},"end":{"line":44,"column":46}}},"fnMap":{"0":{"name":"setDebugMode","decl":{"start":{"line":11,"column":16},"end":{"line":11,"column":28}},"loc":{"start":{"line":11,"column":45},"end":{"line":13,"column":1}}},"1":{"name":"isDebugEnabled","decl":{"start":{"line":18,"column":16},"end":{"line":18,"column":30}},"loc":{"start":{"line":18,"column":30},"end":{"line":20,"column":1}}},"2":{"name":"debugLog","decl":{"start":{"line":25,"column":16},"end":{"line":25,"column":24}},"loc":{"start":{"line":25,"column":39},"end":{"line":29,"column":1}}},"3":{"name":"debugWarn","decl":{"start":{"line":34,"column":16},"end":{"line":34,"column":25}},"loc":{"start":{"line":34,"column":40},"end":{"line":38,"column":1}}},"4":{"name":"debugError","decl":{"start":{"line":43,"column":16},"end":{"line":43,"column":26}},"loc":{"start":{"line":43,"column":41},"end":{"line":45,"column":1}}}},"branchMap":{"0":{"loc":{"start":{"line":26,"column":4},"end":{"line":28,"column":5}},"type":"if","locations":[{"start":{"line":26,"column":4},"end":{"line":28,"column":5}}]},"1":{"loc":{"start":{"line":35,"column":4},"end":{"line":37,"column":5}},"type":"if","locations":[{"start":{"line":35,"column":4},"end":{"line":37,"column":5}}]}},"s":{"0":2,"1":2,"2":2,"3":2,"4":2,"5":2,"6":2,"7":0,"8":100,"9":93,"10":0,"11":0,"12":5},"f":{"0":2,"1":0,"2":100,"3":0,"4":5},"b":{"0":[93],"1":[0]}}
,"/home/anthonyd/Git/accordion-mendix-widget/src/utils/editingUtils.ts": {"path":"/home/anthonyd/Git/accordion-mendix-widget/src/utils/editingUtils.ts","statementMap":{"0":{"start":{"line":11,"column":0},"end":{"line":11,"column":7}},"1":{"start":{"line":37,"column":0},"end":{"line":37,"column":16}},"2":{"start":{"line":56,"column":0},"end":{"line":56,"column":16}},"3":{"start":{"line":4,"column":0},"end":{"line":4,"column":41}},"4":{"start":{"line":13,"column":4},"end":{"line":15,"column":5}},"5":{"start":{"line":14,"column":8},"end":{"line":14,"column":20}},"6":{"start":{"line":17,"column":4},"end":{"line":27,"column":5}},"7":{"start":{"line":22,"column":8},"end":{"line":22,"column":51}},"8":{"start":{"line":23,"column":8},"end":{"line":23,"column":20}},"9":{"start":{"line":25,"column":8},"end":{"line":25,"column":74}},"10":{"start":{"line":26,"column":8},"end":{"line":26,"column":21}},"11":{"start":{"line":39,"column":4},"end":{"line":41,"column":5}},"12":{"start":{"line":40,"column":8},"end":{"line":40,"column":21}},"13":{"start":{"line":44,"column":4},"end":{"line":46,"column":5}},"14":{"start":{"line":45,"column":8},"end":{"line":45,"column":21}},"15":{"start":{"line":49,"column":4},"end":{"line":49,"column":19}},"16":{"start":{"line":57,"column":4},"end":{"line":57,"column":75}}},"fnMap":{"0":{"name":"checkUserRole","decl":{"start":{"line":11,"column":22},"end":{"line":11,"column":35}},"loc":{"start":{"line":11,"column":56},"end":{"line":28,"column":1}}},"1":{"name":"canEdit","decl":{"start":{"line":37,"column":16},"end":{"line":37,"column":23}},"loc":{"start":{"line":37,"column":87},"end":{"line":50,"column":1}}},"2":{"name":"generateTempId","decl":{"start":{"line":56,"column":16},"end":{"line":56,"column":30}},"loc":{"start":{"line":56,"column":30},"end":{"line":58,"column":1}}}},"branchMap":{"0":{"loc":{"start":{"line":13,"column":4},"end":{"line":15,"column":5}},"type":"if","locations":[{"start":{"line":13,"column":4},"end":{"line":15,"column":5}}]},"1":{"loc":{"start":{"line":13,"column":8},"end":{"line":13,"column":51}},"type":"binary-expr","locations":[{"start":{"line":13,"column":8},"end":{"line":13,"column":21}},{"start":{"line":13,"column":25},"end":{"line":13,"column":51}}]},"2":{"loc":{"start":{"line":39,"column":4},"end":{"line":41,"column":5}},"type":"if","locations":[{"start":{"line":39,"column":4},"end":{"line":41,"column":5}}]},"3":{"loc":{"start":{"line":44,"column":4},"end":{"line":46,"column":5}},"type":"if","locations":[{"start":{"line":44,"column":4},"end":{"line":46,"column":5}}]}},"s":{"0":1,"1":1,"2":1,"3":1,"4":9,"5":2,"6":7,"7":7,"8":7,"9":0,"10":0,"11":12,"12":4,"13":8,"14":4,"15":4,"16":18},"f":{"0":9,"1":12,"2":18},"b":{"0":[2],"1":[9,7],"2":[4],"3":[4]}}
,"/home/anthonyd/Git/accordion-mendix-widget/src/utils/mendixDataService.ts": {"path":"/home/anthonyd/Git/accordion-mendix-widget/src/utils/mendixDataService.ts","statementMap":{"0":{"start":{"line":104,"column":0},"end":{"line":104,"column":16}},"1":{"start":{"line":128,"column":0},"end":{"line":128,"column":16}},"2":{"start":{"line":140,"column":0},"end":{"line":140,"column":7}},"3":{"start":{"line":180,"column":0},"end":{"line":180,"column":16}},"4":{"start":{"line":197,"column":0},"end":{"line":197,"column":16}},"5":{"start":{"line":233,"column":0},"end":{"line":233,"column":16}},"6":{"start":{"line":282,"column":0},"end":{"line":282,"column":16}},"7":{"start":{"line":317,"column":0},"end":{"line":317,"column":7}},"8":{"start":{"line":9,"column":0},"end":{"line":9,"column":25}},"9":{"start":{"line":10,"column":0},"end":{"line":10,"column":59}},"10":{"start":{"line":11,"column":0},"end":{"line":11,"column":53}},"11":{"start":{"line":47,"column":4},"end":{"line":49,"column":5}},"12":{"start":{"line":48,"column":8},"end":{"line":48,"column":25}},"13":{"start":{"line":50,"column":4},"end":{"line":52,"column":5}},"14":{"start":{"line":51,"column":8},"end":{"line":51,"column":41}},"15":{"start":{"line":53,"column":4},"end":{"line":53,"column":16}},"16":{"start":{"line":63,"column":4},"end":{"line":81,"column":7}},"17":{"start":{"line":64,"column":19},"end":{"line":64,"column":26}},"18":{"start":{"line":65,"column":8},"end":{"line":68,"column":9}},"19":{"start":{"line":66,"column":12},"end":{"line":66,"column":75}},"20":{"start":{"line":67,"column":12},"end":{"line":67,"column":19}},"21":{"start":{"line":70,"column":21},"end":{"line":70,"column":39}},"22":{"start":{"line":72,"column":8},"end":{"line":80,"column":11}},"23":{"start":{"line":75,"column":16},"end":{"line":75,"column":31}},"24":{"start":{"line":78,"column":16},"end":{"line":78,"column":30}},"25":{"start":{"line":90,"column":4},"end":{"line":92,"column":5}},"26":{"start":{"line":91,"column":8},"end":{"line":91,"column":33}},"27":{"start":{"line":93,"column":4},"end":{"line":95,"column":5}},"28":{"start":{"line":94,"column":8},"end":{"line":94,"column":28}},"29":{"start":{"line":96,"column":4},"end":{"line":96,"column":67}},"30":{"start":{"line":106,"column":4},"end":{"line":109,"column":5}},"31":{"start":{"line":107,"column":22},"end":{"line":107,"column":43}},"32":{"start":{"line":108,"column":8},"end":{"line":108,"column":30}},"33":{"start":{"line":108,"column":18},"end":{"line":108,"column":30}},"34":{"start":{"line":112,"column":4},"end":{"line":114,"column":5}},"35":{"start":{"line":113,"column":8},"end":{"line":113,"column":33}},"36":{"start":{"line":117,"column":4},"end":{"line":119,"column":5}},"37":{"start":{"line":118,"column":8},"end":{"line":118,"column":22}},"38":{"start":{"line":121,"column":4},"end":{"line":121,"column":58}},"39":{"start":{"line":129,"column":4},"end":{"line":131,"column":5}},"40":{"start":{"line":130,"column":8},"end":{"line":130,"column":28}},"41":{"start":{"line":141,"column":4},"end":{"line":141,"column":56}},"42":{"start":{"line":142,"column":4},"end":{"line":142,"column":80}},"43":{"start":{"line":145,"column":4},"end":{"line":148,"column":5}},"44":{"start":{"line":146,"column":8},"end":{"line":146,"column":71}},"45":{"start":{"line":147,"column":8},"end":{"line":147,"column":34}},"46":{"start":{"line":149,"column":4},"end":{"line":152,"column":5}},"47":{"start":{"line":150,"column":8},"end":{"line":150,"column":69}},"48":{"start":{"line":151,"column":8},"end":{"line":151,"column":33}},"49":{"start":{"line":155,"column":4},"end":{"line":168,"column":5}},"50":{"start":{"line":156,"column":8},"end":{"line":167,"column":9}},"51":{"start":{"line":157,"column":30},"end":{"line":157,"column":49}},"52":{"start":{"line":158,"column":12},"end":{"line":158,"column":72}},"53":{"start":{"line":161,"column":26},"end":{"line":161,"column":54}},"54":{"start":{"line":162,"column":31},"end":{"line":162,"column":61}},"55":{"start":{"line":163,"column":12},"end":{"line":163,"column":67}},"56":{"start":{"line":164,"column":12},"end":{"line":164,"column":30}},"57":{"start":{"line":166,"column":12},"end":{"line":166,"column":76}},"58":{"start":{"line":170,"column":4},"end":{"line":170,"column":58}},"59":{"start":{"line":171,"column":4},"end":{"line":171,"column":16}},"60":{"start":{"line":182,"column":8},"end":{"line":185,"column":18}},"61":{"start":{"line":183,"column":30},"end":{"line":183,"column":64}},"62":{"start":{"line":184,"column":12},"end":{"line":184,"column":88}},"63":{"start":{"line":187,"column":4},"end":{"line":187,"column":38}},"64":{"start":{"line":198,"column":4},"end":{"line":223,"column":7}},"65":{"start":{"line":199,"column":19},"end":{"line":199,"column":26}},"66":{"start":{"line":200,"column":8},"end":{"line":203,"column":9}},"67":{"start":{"line":201,"column":12},"end":{"line":201,"column":75}},"68":{"start":{"line":202,"column":12},"end":{"line":202,"column":19}},"69":{"start":{"line":205,"column":8},"end":{"line":205,"column":73}},"70":{"start":{"line":207,"column":8},"end":{"line":222,"column":11}},"71":{"start":{"line":210,"column":16},"end":{"line":212,"column":17}},"72":{"start":{"line":211,"column":20},"end":{"line":211,"column":45}},"73":{"start":{"line":213,"column":16},"end":{"line":215,"column":17}},"74":{"start":{"line":214,"column":20},"end":{"line":214,"column":49}},"75":{"start":{"line":216,"column":16},"end":{"line":216,"column":26}},"76":{"start":{"line":219,"column":16},"end":{"line":219,"column":63}},"77":{"start":{"line":220,"column":16},"end":{"line":220,"column":30}},"78":{"start":{"line":238,"column":4},"end":{"line":273,"column":7}},"79":{"start":{"line":239,"column":19},"end":{"line":239,"column":26}},"80":{"start":{"line":240,"column":8},"end":{"line":243,"column":9}},"81":{"start":{"line":241,"column":12},"end":{"line":241,"column":75}},"82":{"start":{"line":242,"column":12},"end":{"line":242,"column":19}},"83":{"start":{"line":246,"column":8},"end":{"line":255,"column":9}},"84":{"start":{"line":247,"column":12},"end":{"line":247,"column":38}},"85":{"start":{"line":248,"column":12},"end":{"line":250,"column":13}},"86":{"start":{"line":249,"column":16},"end":{"line":249,"column":57}},"87":{"start":{"line":252,"column":12},"end":{"line":252,"column":61}},"88":{"start":{"line":253,"column":12},"end":{"line":253,"column":26}},"89":{"start":{"line":254,"column":12},"end":{"line":254,"column":19}},"90":{"start":{"line":257,"column":8},"end":{"line":272,"column":11}},"91":{"start":{"line":260,"column":16},"end":{"line":262,"column":17}},"92":{"start":{"line":261,"column":20},"end":{"line":261,"column":45}},"93":{"start":{"line":263,"column":16},"end":{"line":265,"column":17}},"94":{"start":{"line":264,"column":20},"end":{"line":264,"column":49}},"95":{"start":{"line":266,"column":16},"end":{"line":266,"column":26}},"96":{"start":{"line":269,"column":16},"end":{"line":269,"column":63}},"97":{"start":{"line":270,"column":16},"end":{"line":270,"column":30}},"98":{"start":{"line":283,"column":4},"end":{"line":303,"column":7}},"99":{"start":{"line":284,"column":19},"end":{"line":284,"column":26}},"100":{"start":{"line":285,"column":8},"end":{"line":288,"column":9}},"101":{"start":{"line":286,"column":12},"end":{"line":286,"column":75}},"102":{"start":{"line":287,"column":12},"end":{"line":287,"column":19}},"103":{"start":{"line":290,"column":8},"end":{"line":302,"column":11}},"104":{"start":{"line":293,"column":16},"end":{"line":295,"column":17}},"105":{"start":{"line":294,"column":20},"end":{"line":294,"column":45}},"106":{"start":{"line":296,"column":16},"end":{"line":296,"column":29}},"107":{"start":{"line":299,"column":16},"end":{"line":299,"column":63}},"108":{"start":{"line":300,"column":16},"end":{"line":300,"column":30}},"109":{"start":{"line":325,"column":15},"end":{"line":325,"column":22}},"110":{"start":{"line":326,"column":4},"end":{"line":328,"column":5}},"111":{"start":{"line":327,"column":8},"end":{"line":327,"column":69}},"112":{"start":{"line":332,"column":29},"end":{"line":332,"column":39}},"113":{"start":{"line":333,"column":33},"end":{"line":333,"column":47}},"114":{"start":{"line":336,"column":4},"end":{"line":355,"column":5}},"115":{"start":{"line":337,"column":35},"end":{"line":337,"column":51}},"116":{"start":{"line":338,"column":23},"end":{"line":338,"column":58}},"117":{"start":{"line":339,"column":23},"end":{"line":339,"column":58}},"118":{"start":{"line":341,"column":8},"end":{"line":343,"column":9}},"119":{"start":{"line":342,"column":12},"end":{"line":342,"column":61}},"120":{"start":{"line":345,"column":8},"end":{"line":345,"column":44}},"121":{"start":{"line":346,"column":8},"end":{"line":346,"column":44}},"122":{"start":{"line":347,"column":8},"end":{"line":347,"column":48}},"123":{"start":{"line":348,"column":8},"end":{"line":348,"column":44}},"124":{"start":{"line":349,"column":11},"end":{"line":355,"column":5}},"125":{"start":{"line":351,"column":8},"end":{"line":351,"column":41}},"126":{"start":{"line":352,"column":8},"end":{"line":352,"column":43}},"127":{"start":{"line":354,"column":8},"end":{"line":354,"column":91}},"128":{"start":{"line":357,"column":4},"end":{"line":357,"column":39}},"129":{"start":{"line":358,"column":4},"end":{"line":358,"column":90}},"130":{"start":{"line":361,"column":19},"end":{"line":361,"column":43}},"131":{"start":{"line":362,"column":19},"end":{"line":362,"column":43}},"132":{"start":{"line":364,"column":4},"end":{"line":364,"column":47}},"133":{"start":{"line":365,"column":4},"end":{"line":365,"column":69}},"134":{"start":{"line":366,"column":4},"end":{"line":366,"column":69}},"135":{"start":{"line":367,"column":4},"end":{"line":370,"column":6}},"136":{"start":{"line":371,"column":4},"end":{"line":374,"column":6}},"137":{"start":{"line":377,"column":4},"end":{"line":377,"column":55}},"138":{"start":{"line":378,"column":4},"end":{"line":378,"column":50}},"139":{"start":{"line":379,"column":4},"end":{"line":379,"column":50}},"140":{"start":{"line":381,"column":4},"end":{"line":384,"column":6}},"141":{"start":{"line":385,"column":4},"end":{"line":388,"column":6}},"142":{"start":{"line":391,"column":4},"end":{"line":429,"column":7}},"143":{"start":{"line":392,"column":8},"end":{"line":392,"column":72}},"144":{"start":{"line":393,"column":8},"end":{"line":428,"column":11}},"145":{"start":{"line":396,"column":16},"end":{"line":396,"column":64}},"146":{"start":{"line":397,"column":16},"end":{"line":397,"column":81}},"147":{"start":{"line":398,"column":16},"end":{"line":421,"column":19}},"148":{"start":{"line":401,"column":24},"end":{"line":401,"column":72}},"149":{"start":{"line":402,"column":24},"end":{"line":404,"column":25}},"150":{"start":{"line":403,"column":28},"end":{"line":403,"column":61}},"151":{"start":{"line":405,"column":24},"end":{"line":408,"column":25}},"152":{"start":{"line":406,"column":28},"end":{"line":406,"column":81}},"153":{"start":{"line":407,"column":28},"end":{"line":407,"column":65}},"154":{"start":{"line":409,"column":24},"end":{"line":409,"column":64}},"155":{"start":{"line":410,"column":24},"end":{"line":410,"column":34}},"156":{"start":{"line":413,"column":24},"end":{"line":413,"column":76}},"157":{"start":{"line":414,"column":24},"end":{"line":418,"column":26}},"158":{"start":{"line":419,"column":24},"end":{"line":419,"column":38}},"159":{"start":{"line":424,"column":16},"end":{"line":424,"column":67}},"160":{"start":{"line":425,"column":16},"end":{"line":425,"column":93}},"161":{"start":{"line":426,"column":16},"end":{"line":426,"column":30}}},"fnMap":{"0":{"name":"getMx","decl":{"start":{"line":46,"column":9},"end":{"line":46,"column":14}},"loc":{"start":{"line":46,"column":14},"end":{"line":54,"column":1}}},"1":{"name":"getMxObject","decl":{"start":{"line":62,"column":9},"end":{"line":62,"column":20}},"loc":{"start":{"line":62,"column":36},"end":{"line":82,"column":1}}},"2":{"name":"(anonymous_3)","decl":{"start":{"line":63,"column":23},"end":{"line":63,"column":24}},"loc":{"start":{"line":63,"column":43},"end":{"line":81,"column":5}}},"3":{"name":"(anonymous_4)","decl":{"start":{"line":74,"column":22},"end":{"line":74,"column":23}},"loc":{"start":{"line":74,"column":37},"end":{"line":76,"column":13}}},"4":{"name":"(anonymous_5)","decl":{"start":{"line":77,"column":19},"end":{"line":77,"column":20}},"loc":{"start":{"line":77,"column":36},"end":{"line":79,"column":13}}},"5":{"name":"getEntityNameFromObject","decl":{"start":{"line":89,"column":9},"end":{"line":89,"column":32}},"loc":{"start":{"line":89,"column":43},"end":{"line":97,"column":1}}},"6":{"name":"getObjectGuid","decl":{"start":{"line":104,"column":16},"end":{"line":104,"column":29}},"loc":{"start":{"line":104,"column":45},"end":{"line":122,"column":1}}},"7":{"name":"reloadDataSource","decl":{"start":{"line":128,"column":16},"end":{"line":128,"column":32}},"loc":{"start":{"line":128,"column":48},"end":{"line":132,"column":1}}},"8":{"name":"getEntityName","decl":{"start":{"line":140,"column":22},"end":{"line":140,"column":35}},"loc":{"start":{"line":140,"column":51},"end":{"line":172,"column":1}}},"9":{"name":"getNextSortOrder","decl":{"start":{"line":180,"column":16},"end":{"line":180,"column":32}},"loc":{"start":{"line":180,"column":89},"end":{"line":188,"column":1}}},"10":{"name":"(anonymous_11)","decl":{"start":{"line":182,"column":22},"end":{"line":182,"column":23}},"loc":{"start":{"line":182,"column":36},"end":{"line":185,"column":9}}},"11":{"name":"commitObject","decl":{"start":{"line":197,"column":16},"end":{"line":197,"column":28}},"loc":{"start":{"line":197,"column":80},"end":{"line":224,"column":1}}},"12":{"name":"(anonymous_13)","decl":{"start":{"line":198,"column":23},"end":{"line":198,"column":24}},"loc":{"start":{"line":198,"column":43},"end":{"line":223,"column":5}}},"13":{"name":"(anonymous_14)","decl":{"start":{"line":209,"column":22},"end":{"line":209,"column":25}},"loc":{"start":{"line":209,"column":27},"end":{"line":217,"column":13}}},"14":{"name":"(anonymous_15)","decl":{"start":{"line":218,"column":19},"end":{"line":218,"column":20}},"loc":{"start":{"line":218,"column":36},"end":{"line":221,"column":13}}},"15":{"name":"deleteObject","decl":{"start":{"line":233,"column":16},"end":{"line":233,"column":28}},"loc":{"start":{"line":236,"column":27},"end":{"line":274,"column":1}}},"16":{"name":"(anonymous_17)","decl":{"start":{"line":238,"column":23},"end":{"line":238,"column":24}},"loc":{"start":{"line":238,"column":43},"end":{"line":273,"column":5}}},"17":{"name":"(anonymous_18)","decl":{"start":{"line":259,"column":22},"end":{"line":259,"column":25}},"loc":{"start":{"line":259,"column":27},"end":{"line":267,"column":13}}},"18":{"name":"(anonymous_19)","decl":{"start":{"line":268,"column":19},"end":{"line":268,"column":20}},"loc":{"start":{"line":268,"column":36},"end":{"line":271,"column":13}}},"19":{"name":"createObject","decl":{"start":{"line":282,"column":16},"end":{"line":282,"column":28}},"loc":{"start":{"line":282,"column":72},"end":{"line":304,"column":1}}},"20":{"name":"(anonymous_21)","decl":{"start":{"line":283,"column":23},"end":{"line":283,"column":24}},"loc":{"start":{"line":283,"column":43},"end":{"line":303,"column":5}}},"21":{"name":"(anonymous_22)","decl":{"start":{"line":292,"column":22},"end":{"line":292,"column":23}},"loc":{"start":{"line":292,"column":42},"end":{"line":297,"column":13}}},"22":{"name":"(anonymous_23)","decl":{"start":{"line":298,"column":19},"end":{"line":298,"column":20}},"loc":{"start":{"line":298,"column":36},"end":{"line":301,"column":13}}},"23":{"name":"swapSortOrders","decl":{"start":{"line":317,"column":22},"end":{"line":317,"column":36}},"loc":{"start":{"line":323,"column":27},"end":{"line":430,"column":1}}},"24":{"name":"(anonymous_25)","decl":{"start":{"line":391,"column":23},"end":{"line":391,"column":24}},"loc":{"start":{"line":391,"column":43},"end":{"line":429,"column":5}}},"25":{"name":"(anonymous_26)","decl":{"start":{"line":395,"column":22},"end":{"line":395,"column":25}},"loc":{"start":{"line":395,"column":27},"end":{"line":422,"column":13}}},"26":{"name":"(anonymous_27)","decl":{"start":{"line":400,"column":30},"end":{"line":400,"column":33}},"loc":{"start":{"line":400,"column":35},"end":{"line":411,"column":21}}},"27":{"name":"(anonymous_28)","decl":{"start":{"line":412,"column":27},"end":{"line":412,"column":28}},"loc":{"start":{"line":412,"column":44},"end":{"line":420,"column":21}}},"28":{"name":"(anonymous_29)","decl":{"start":{"line":423,"column":19},"end":{"line":423,"column":20}},"loc":{"start":{"line":423,"column":36},"end":{"line":427,"column":13}}}},"branchMap":{"0":{"loc":{"start":{"line":47,"column":4},"end":{"line":49,"column":5}},"type":"if","locations":[{"start":{"line":47,"column":4},"end":{"line":49,"column":5}}]},"1":{"loc":{"start":{"line":47,"column":8},"end":{"line":47,"column":50}},"type":"binary-expr","locations":[{"start":{"line":47,"column":8},"end":{"line":47,"column":37}},{"start":{"line":47,"column":41},"end":{"line":47,"column":50}}]},"2":{"loc":{"start":{"line":50,"column":4},"end":{"line":52,"column":5}},"type":"if","locations":[{"start":{"line":50,"column":4},"end":{"line":52,"column":5}}]},"3":{"loc":{"start":{"line":50,"column":8},"end":{"line":50,"column":67}},"type":"binary-expr","locations":[{"start":{"line":50,"column":8},"end":{"line":50,"column":37}},{"start":{"line":50,"column":42},"end":{"line":50,"column":67}}]},"4":{"loc":{"start":{"line":65,"column":8},"end":{"line":68,"column":9}},"type":"if","locations":[{"start":{"line":65,"column":8},"end":{"line":68,"column":9}}]},"5":{"loc":{"start":{"line":65,"column":12},"end":{"line":65,"column":27}},"type":"binary-expr","locations":[{"start":{"line":65,"column":12},"end":{"line":65,"column":15}},{"start":{"line":65,"column":19},"end":{"line":65,"column":27}}]},"6":{"loc":{"start":{"line":90,"column":4},"end":{"line":92,"column":5}},"type":"if","locations":[{"start":{"line":90,"column":4},"end":{"line":92,"column":5}}]},"7":{"loc":{"start":{"line":90,"column":8},"end":{"line":90,"column":64}},"type":"binary-expr","locations":[{"start":{"line":90,"column":8},"end":{"line":90,"column":23}},{"start":{"line":90,"column":27},"end":{"line":90,"column":64}}]},"8":{"loc":{"start":{"line":93,"column":4},"end":{"line":95,"column":5}},"type":"if","locations":[{"start":{"line":93,"column":4},"end":{"line":95,"column":5}}]},"9":{"loc":{"start":{"line":106,"column":4},"end":{"line":109,"column":5}},"type":"if","locations":[{"start":{"line":106,"column":4},"end":{"line":109,"column":5}}]},"10":{"loc":{"start":{"line":106,"column":9},"end":{"line":106,"column":74}},"type":"binary-expr","locations":[{"start":{"line":106,"column":9},"end":{"line":106,"column":28}},{"start":{"line":106,"column":32},"end":{"line":106,"column":74}}]},"11":{"loc":{"start":{"line":108,"column":8},"end":{"line":108,"column":30}},"type":"if","locations":[{"start":{"line":108,"column":8},"end":{"line":108,"column":30}}]},"12":{"loc":{"start":{"line":112,"column":4},"end":{"line":114,"column":5}},"type":"if","locations":[{"start":{"line":112,"column":4},"end":{"line":114,"column":5}}]},"13":{"loc":{"start":{"line":117,"column":4},"end":{"line":119,"column":5}},"type":"if","locations":[{"start":{"line":117,"column":4},"end":{"line":119,"column":5}}]},"14":{"loc":{"start":{"line":129,"column":4},"end":{"line":131,"column":5}},"type":"if","locations":[{"start":{"line":129,"column":4},"end":{"line":131,"column":5}}]},"15":{"loc":{"start":{"line":129,"column":8},"end":{"line":129,"column":61}},"type":"binary-expr","locations":[{"start":{"line":129,"column":8},"end":{"line":129,"column":18}},{"start":{"line":129,"column":22},"end":{"line":129,"column":61}}]},"16":{"loc":{"start":{"line":142,"column":61},"end":{"line":142,"column":77}},"type":"binary-expr","locations":[{"start":{"line":142,"column":61},"end":{"line":142,"column":71}},{"start":{"line":142,"column":75},"end":{"line":142,"column":77}}]},"17":{"loc":{"start":{"line":145,"column":4},"end":{"line":148,"column":5}},"type":"if","locations":[{"start":{"line":145,"column":4},"end":{"line":148,"column":5}}]},"18":{"loc":{"start":{"line":149,"column":4},"end":{"line":152,"column":5}},"type":"if","locations":[{"start":{"line":149,"column":4},"end":{"line":152,"column":5}}]},"19":{"loc":{"start":{"line":155,"column":4},"end":{"line":168,"column":5}},"type":"if","locations":[{"start":{"line":155,"column":4},"end":{"line":168,"column":5}}]},"20":{"loc":{"start":{"line":155,"column":8},"end":{"line":155,"column":56}},"type":"binary-expr","locations":[{"start":{"line":155,"column":8},"end":{"line":155,"column":25}},{"start":{"line":155,"column":29},"end":{"line":155,"column":56}}]},"21":{"loc":{"start":{"line":182,"column":8},"end":{"line":185,"column":18}},"type":"binary-expr","locations":[{"start":{"line":182,"column":8},"end":{"line":185,"column":13}},{"start":{"line":185,"column":17},"end":{"line":185,"column":18}}]},"22":{"loc":{"start":{"line":184,"column":19},"end":{"line":184,"column":87}},"type":"cond-expr","locations":[{"start":{"line":184,"column":61},"end":{"line":184,"column":81}},{"start":{"line":184,"column":84},"end":{"line":184,"column":87}}]},"23":{"loc":{"start":{"line":184,"column":19},"end":{"line":184,"column":58}},"type":"binary-expr","locations":[{"start":{"line":184,"column":19},"end":{"line":184,"column":28}},{"start":{"line":184,"column":32},"end":{"line":184,"column":58}}]},"24":{"loc":{"start":{"line":200,"column":8},"end":{"line":203,"column":9}},"type":"if","locations":[{"start":{"line":200,"column":8},"end":{"line":203,"column":9}}]},"25":{"loc":{"start":{"line":200,"column":12},"end":{"line":200,"column":27}},"type":"binary-expr","locations":[{"start":{"line":200,"column":12},"end":{"line":200,"column":15}},{"start":{"line":200,"column":19},"end":{"line":200,"column":27}}]},"26":{"loc":{"start":{"line":210,"column":16},"end":{"line":212,"column":17}},"type":"if","locations":[{"start":{"line":210,"column":16},"end":{"line":212,"column":17}}]},"27":{"loc":{"start":{"line":213,"column":16},"end":{"line":215,"column":17}},"type":"if","locations":[{"start":{"line":213,"column":16},"end":{"line":215,"column":17}}]},"28":{"loc":{"start":{"line":240,"column":8},"end":{"line":243,"column":9}},"type":"if","locations":[{"start":{"line":240,"column":8},"end":{"line":243,"column":9}}]},"29":{"loc":{"start":{"line":240,"column":12},"end":{"line":240,"column":27}},"type":"binary-expr","locations":[{"start":{"line":240,"column":12},"end":{"line":240,"column":15}},{"start":{"line":240,"column":19},"end":{"line":240,"column":27}}]},"30":{"loc":{"start":{"line":248,"column":12},"end":{"line":250,"column":13}},"type":"if","locations":[{"start":{"line":248,"column":12},"end":{"line":250,"column":13}}]},"31":{"loc":{"start":{"line":248,"column":16},"end":{"line":248,"column":49}},"type":"binary-expr","locations":[{"start":{"line":248,"column":16},"end":{"line":248,"column":21}},{"start":{"line":248,"column":25},"end":{"line":248,"column":49}}]},"32":{"loc":{"start":{"line":260,"column":16},"end":{"line":262,"column":17}},"type":"if","locations":[{"start":{"line":260,"column":16},"end":{"line":262,"column":17}}]},"33":{"loc":{"start":{"line":263,"column":16},"end":{"line":265,"column":17}},"type":"if","locations":[{"start":{"line":263,"column":16},"end":{"line":265,"column":17}}]},"34":{"loc":{"start":{"line":285,"column":8},"end":{"line":288,"column":9}},"type":"if","locations":[{"start":{"line":285,"column":8},"end":{"line":288,"column":9}}]},"35":{"loc":{"start":{"line":285,"column":12},"end":{"line":285,"column":27}},"type":"binary-expr","locations":[{"start":{"line":285,"column":12},"end":{"line":285,"column":15}},{"start":{"line":285,"column":19},"end":{"line":285,"column":27}}]},"36":{"loc":{"start":{"line":293,"column":16},"end":{"line":295,"column":17}},"type":"if","locations":[{"start":{"line":293,"column":16},"end":{"line":295,"column":17}}]},"37":{"loc":{"start":{"line":326,"column":4},"end":{"line":328,"column":5}},"type":"if","locations":[{"start":{"line":326,"column":4},"end":{"line":328,"column":5}}]},"38":{"loc":{"start":{"line":326,"column":8},"end":{"line":326,"column":23}},"type":"binary-expr","locations":[{"start":{"line":326,"column":8},"end":{"line":326,"column":11}},{"start":{"line":326,"column":15},"end":{"line":326,"column":23}}]},"39":{"loc":{"start":{"line":336,"column":4},"end":{"line":355,"column":5}},"type":"if","locations":[{"start":{"line":336,"column":4},"end":{"line":355,"column":5}},{"start":{"line":349,"column":11},"end":{"line":355,"column":5}}]},"40":{"loc":{"start":{"line":336,"column":8},"end":{"line":336,"column":79}},"type":"binary-expr","locations":[{"start":{"line":336,"column":8},"end":{"line":336,"column":24}},{"start":{"line":336,"column":28},"end":{"line":336,"column":79}}]},"41":{"loc":{"start":{"line":341,"column":8},"end":{"line":343,"column":9}},"type":"if","locations":[{"start":{"line":341,"column":8},"end":{"line":343,"column":9}}]},"42":{"loc":{"start":{"line":341,"column":12},"end":{"line":341,"column":94}},"type":"binary-expr","locations":[{"start":{"line":341,"column":12},"end":{"line":341,"column":27}},{"start":{"line":341,"column":31},"end":{"line":341,"column":51}},{"start":{"line":341,"column":55},"end":{"line":341,"column":70}},{"start":{"line":341,"column":74},"end":{"line":341,"column":94}}]},"43":{"loc":{"start":{"line":349,"column":11},"end":{"line":355,"column":5}},"type":"if","locations":[{"start":{"line":349,"column":11},"end":{"line":355,"column":5}},{"start":{"line":353,"column":11},"end":{"line":355,"column":5}}]},"44":{"loc":{"start":{"line":402,"column":24},"end":{"line":404,"column":25}},"type":"if","locations":[{"start":{"line":402,"column":24},"end":{"line":404,"column":25}}]},"45":{"loc":{"start":{"line":405,"column":24},"end":{"line":408,"column":25}},"type":"if","locations":[{"start":{"line":405,"column":24},"end":{"line":408,"column":25}}]}},"s":{"0":1,"1":1,"2":1,"3":1,"4":1,"5":1,"6":1,"7":1,"8":1,"9":1,"10":1,"11":32,"12":28,"13":4,"14":0,"15":4,"16":10,"17":10,"18":10,"19":0,"20":0,"21":10,"22":10,"23":10,"24":0,"25":0,"26":0,"27":0,"28":0,"29":0,"30":17,"31":2,"32":2,"33":2,"34":15,"35":5,"36":10,"37":10,"38":0,"39":7,"40":4,"41":5,"42":5,"43":5,"44":1,"45":1,"46":4,"47":1,"48":1,"49":3,"50":0,"51":0,"52":0,"53":0,"54":0,"55":0,"56":0,"57":0,"58":3,"59":3,"60":4,"61":6,"62":6,"63":4,"64":5,"65":5,"66":5,"67":1,"68":1,"69":4,"70":4,"71":3,"72":1,"73":3,"74":1,"75":3,"76":1,"77":1,"78":6,"79":6,"80":6,"81":1,"82":1,"83":5,"84":5,"85":5,"86":0,"87":0,"88":0,"89":0,"90":5,"91":4,"92":1,"93":4,"94":1,"95":4,"96":1,"97":1,"98":4,"99":4,"100":4,"101":1,"102":1,"103":3,"104":2,"105":1,"106":2,"107":1,"108":1,"109":7,"110":7,"111":1,"112":6,"113":6,"114":6,"115":6,"116":6,"117":6,"118":6,"119":1,"120":5,"121":5,"122":5,"123":5,"124":0,"125":0,"126":0,"127":0,"128":5,"129":5,"130":5,"131":5,"132":5,"133":5,"134":5,"135":5,"136":5,"137":5,"138":5,"139":5,"140":5,"141":5,"142":5,"143":5,"144":5,"145":4,"146":4,"147":4,"148":3,"149":3,"150":1,"151":3,"152":1,"153":1,"154":3,"155":3,"156":1,"157":1,"158":1,"159":1,"160":1,"161":1},"f":{"0":32,"1":10,"2":10,"3":10,"4":0,"5":0,"6":17,"7":7,"8":5,"9":4,"10":6,"11":5,"12":5,"13":3,"14":1,"15":6,"16":6,"17":4,"18":1,"19":4,"20":4,"21":2,"22":1,"23":7,"24":5,"25":4,"26":3,"27":1,"28":1},"b":{"0":[28],"1":[32,32],"2":[0],"3":[4,4],"4":[0],"5":[10,10],"6":[0],"7":[0,0],"8":[0],"9":[2],"10":[17,2],"11":[2],"12":[5],"13":[10],"14":[4],"15":[7,5],"16":[5,2],"17":[1],"18":[1],"19":[0],"20":[3,0],"21":[4,2],"22":[4,2],"23":[6,4],"24":[1],"25":[5,4],"26":[1],"27":[1],"28":[1],"29":[6,5],"30":[0],"31":[5,5],"32":[1],"33":[1],"34":[1],"35":[4,3],"36":[1],"37":[1],"38":[7,6],"39":[6,0],"40":[6,6],"41":[1],"42":[6,5,5,5],"43":[0,0],"44":[1],"45":[1]}}
}
