{"/home/anthonyd/Git/accordion-mendix-widget/src/utils/contentProcessor.ts": {"path":"/home/anthonyd/Git/accordion-mendix-widget/src/utils/contentProcessor.ts","statementMap":{"0":{"start":{"line":86,"column":0},"end":{"line":86,"column":16}},"1":{"start":{"line":107,"column":0},"end":{"line":107,"column":16}},"2":{"start":{"line":152,"column":0},"end":{"line":152,"column":16}},"3":{"start":{"line":265,"column":0},"end":{"line":265,"column":16}},"4":{"start":{"line":291,"column":0},"end":{"line":291,"column":16}},"5":{"start":{"line":302,"column":0},"end":{"line":302,"column":16}},"6":{"start":{"line":318,"column":0},"end":{"line":318,"column":16}},"7":{"start":{"line":344,"column":0},"end":{"line":344,"column":16}},"8":{"start":{"line":1,"column":0},"end":{"line":1,"column":34}},"9":{"start":{"line":2,"column":0},"end":{"line":2,"column":32}},"10":{"start":{"line":17,"column":24},"end":{"line":79,"column":2}},"11":{"start":{"line":87,"column":4},"end":{"line":89,"column":5}},"12":{"start":{"line":88,"column":8},"end":{"line":88,"column":18}},"13":{"start":{"line":91,"column":4},"end":{"line":99,"column":5}},"14":{"start":{"line":93,"column":26},"end":{"line":93,"column":67}},"15":{"start":{"line":94,"column":8},"end":{"line":94,"column":25}},"16":{"start":{"line":96,"column":8},"end":{"line":96,"column":55}},"17":{"start":{"line":98,"column":8},"end":{"line":98,"column":32}},"18":{"start":{"line":108,"column":29},"end":{"line":108,"column":31}},"19":{"start":{"line":110,"column":4},"end":{"line":112,"column":5}},"20":{"start":{"line":111,"column":8},"end":{"line":111,"column":22}},"21":{"start":{"line":115,"column":4},"end":{"line":117,"column":5}},"22":{"start":{"line":116,"column":8},"end":{"line":116,"column":72}},"23":{"start":{"line":120,"column":4},"end":{"line":122,"column":5}},"24":{"start":{"line":121,"column":8},"end":{"line":121,"column":99}},"25":{"start":{"line":125,"column":4},"end":{"line":127,"column":5}},"26":{"start":{"line":126,"column":8},"end":{"line":126,"column":87}},"27":{"start":{"line":130,"column":4},"end":{"line":132,"column":5}},"28":{"start":{"line":131,"column":8},"end":{"line":131,"column":61}},"29":{"start":{"line":135,"column":4},"end":{"line":137,"column":5}},"30":{"start":{"line":136,"column":8},"end":{"line":136,"column":51}},"31":{"start":{"line":140,"column":4},"end":{"line":142,"column":5}},"32":{"start":{"line":141,"column":8},"end":{"line":141,"column":61}},"33":{"start":{"line":144,"column":4},"end":{"line":144,"column":18}},"34":{"start":{"line":153,"column":29},"end":{"line":153,"column":31}},"35":{"start":{"line":155,"column":4},"end":{"line":157,"column":5}},"36":{"start":{"line":156,"column":8},"end":{"line":156,"column":22}},"37":{"start":{"line":159,"column":20},"end":{"line":159,"column":48}},"38":{"start":{"line":161,"column":4},"end":{"line":181,"column":7}},"39":{"start":{"line":164,"column":35},"end":{"line":164,"column":65}},"40":{"start":{"line":165,"column":35},"end":{"line":165,"column":65}},"41":{"start":{"line":167,"column":8},"end":{"line":173,"column":9}},"42":{"start":{"line":168,"column":12},"end":{"line":172,"column":14}},"43":{"start":{"line":176,"column":8},"end":{"line":180,"column":9}},"44":{"start":{"line":177,"column":12},"end":{"line":179,"column":14}},"45":{"start":{"line":185,"column":28},"end":{"line":200,"column":6}},"46":{"start":{"line":203,"column":63},"end":{"line":203,"column":65}},"47":{"start":{"line":204,"column":21},"end":{"line":204,"column":56}},"48":{"start":{"line":207,"column":4},"end":{"line":237,"column":5}},"49":{"start":{"line":208,"column":24},"end":{"line":208,"column":32}},"50":{"start":{"line":209,"column":24},"end":{"line":209,"column":46}},"51":{"start":{"line":210,"column":26},"end":{"line":210,"column":50}},"52":{"start":{"line":211,"column":30},"end":{"line":211,"column":89}},"53":{"start":{"line":213,"column":8},"end":{"line":236,"column":9}},"54":{"start":{"line":215,"column":12},"end":{"line":232,"column":13}},"55":{"start":{"line":216,"column":16},"end":{"line":216,"column":67}},"56":{"start":{"line":218,"column":35},"end":{"line":218,"column":64}},"57":{"start":{"line":219,"column":16},"end":{"line":231,"column":17}},"58":{"start":{"line":220,"column":20},"end":{"line":220,"column":35}},"59":{"start":{"line":223,"column":20},"end":{"line":225,"column":22}},"60":{"start":{"line":227,"column":39},"end":{"line":227,"column":83}},"61":{"start":{"line":227,"column":65},"end":{"line":227,"column":82}},"62":{"start":{"line":228,"column":20},"end":{"line":230,"column":21}},"63":{"start":{"line":229,"column":24},"end":{"line":229,"column":55}},"64":{"start":{"line":233,"column":15},"end":{"line":236,"column":9}},"65":{"start":{"line":235,"column":12},"end":{"line":235,"column":67}},"66":{"start":{"line":240,"column":4},"end":{"line":244,"column":5}},"67":{"start":{"line":241,"column":8},"end":{"line":243,"column":11}},"68":{"start":{"line":242,"column":12},"end":{"line":242,"column":83}},"69":{"start":{"line":247,"column":33},"end":{"line":247,"column":72}},"70":{"start":{"line":249,"column":4},"end":{"line":255,"column":5}},"71":{"start":{"line":250,"column":8},"end":{"line":254,"column":10}},"72":{"start":{"line":257,"column":4},"end":{"line":257,"column":18}},"73":{"start":{"line":266,"column":4},"end":{"line":268,"column":5}},"74":{"start":{"line":267,"column":8},"end":{"line":267,"column":18}},"75":{"start":{"line":270,"column":4},"end":{"line":283,"column":5}},"76":{"start":{"line":272,"column":8},"end":{"line":275,"column":11}},"77":{"start":{"line":277,"column":21},"end":{"line":277,"column":53}},"78":{"start":{"line":279,"column":8},"end":{"line":279,"column":34}},"79":{"start":{"line":281,"column":8},"end":{"line":281,"column":56}},"80":{"start":{"line":282,"column":8},"end":{"line":282,"column":36}},"81":{"start":{"line":292,"column":16},"end":{"line":292,"column":45}},"82":{"start":{"line":293,"column":4},"end":{"line":293,"column":27}},"83":{"start":{"line":294,"column":4},"end":{"line":294,"column":25}},"84":{"start":{"line":303,"column":4},"end":{"line":305,"column":5}},"85":{"start":{"line":304,"column":8},"end":{"line":304,"column":18}},"86":{"start":{"line":308,"column":20},"end":{"line":308,"column":36}},"87":{"start":{"line":309,"column":4},"end":{"line":309,"column":42}},"88":{"start":{"line":319,"column":4},"end":{"line":321,"column":5}},"89":{"start":{"line":320,"column":8},"end":{"line":320,"column":18}},"90":{"start":{"line":323,"column":4},"end":{"line":335,"column":5}},"91":{"start":{"line":325,"column":12},"end":{"line":325,"column":41}},"92":{"start":{"line":328,"column":12},"end":{"line":328,"column":43}},"93":{"start":{"line":330,"column":12},"end":{"line":330,"column":39}},"94":{"start":{"line":333,"column":12},"end":{"line":333,"column":86}},"95":{"start":{"line":334,"column":12},"end":{"line":334,"column":41}},"96":{"start":{"line":345,"column":4},"end":{"line":347,"column":5}},"97":{"start":{"line":346,"column":8},"end":{"line":346,"column":18}},"98":{"start":{"line":349,"column":4},"end":{"line":378,"column":5}},"99":{"start":{"line":352,"column":37},"end":{"line":352,"column":58}},"100":{"start":{"line":353,"column":35},"end":{"line":353,"column":62}},"101":{"start":{"line":354,"column":12},"end":{"line":354,"column":60}},"102":{"start":{"line":358,"column":32},"end":{"line":358,"column":42}},"103":{"start":{"line":359,"column":32},"end":{"line":359,"column":58}},"104":{"start":{"line":361,"column":12},"end":{"line":371,"column":13}},"105":{"start":{"line":363,"column":36},"end":{"line":363,"column":56}},"106":{"start":{"line":364,"column":45},"end":{"line":364,"column":70}},"107":{"start":{"line":365,"column":43},"end":{"line":365,"column":74}},"108":{"start":{"line":367,"column":36},"end":{"line":367,"column":84}},"109":{"start":{"line":368,"column":16},"end":{"line":370,"column":17}},"110":{"start":{"line":369,"column":20},"end":{"line":369,"column":97}},"111":{"start":{"line":369,"column":56},"end":{"line":369,"column":95}},"112":{"start":{"line":372,"column":12},"end":{"line":372,"column":22}},"113":{"start":{"line":375,"column":12},"end":{"line":375,"column":22}},"114":{"start":{"line":377,"column":12},"end":{"line":377,"column":22}}},"fnMap":{"0":{"name":"sanitizeHTML","decl":{"start":{"line":86,"column":16},"end":{"line":86,"column":28}},"loc":{"start":{"line":86,"column":41},"end":{"line":100,"column":1}}},"1":{"name":"validateHTML","decl":{"start":{"line":107,"column":16},"end":{"line":107,"column":28}},"loc":{"start":{"line":107,"column":41},"end":{"line":145,"column":1}}},"2":{"name":"validateHTMLSyntax","decl":{"start":{"line":152,"column":16},"end":{"line":152,"column":34}},"loc":{"start":{"line":152,"column":47},"end":{"line":258,"column":1}}},"3":{"name":"(anonymous_4)","decl":{"start":{"line":161,"column":20},"end":{"line":161,"column":21}},"loc":{"start":{"line":161,"column":28},"end":{"line":181,"column":5}}},"4":{"name":"(anonymous_5)","decl":{"start":{"line":227,"column":58},"end":{"line":227,"column":59}},"loc":{"start":{"line":227,"column":65},"end":{"line":227,"column":82}}},"5":{"name":"(anonymous_6)","decl":{"start":{"line":241,"column":25},"end":{"line":241,"column":26}},"loc":{"start":{"line":241,"column":37},"end":{"line":243,"column":9}}},"6":{"name":"markdownToHTML","decl":{"start":{"line":265,"column":16},"end":{"line":265,"column":30}},"loc":{"start":{"line":265,"column":47},"end":{"line":284,"column":1}}},"7":{"name":"escapeHTML","decl":{"start":{"line":291,"column":16},"end":{"line":291,"column":26}},"loc":{"start":{"line":291,"column":39},"end":{"line":295,"column":1}}},"8":{"name":"textToHTML","decl":{"start":{"line":302,"column":16},"end":{"line":302,"column":26}},"loc":{"start":{"line":302,"column":39},"end":{"line":310,"column":1}}},"9":{"name":"processContent","decl":{"start":{"line":318,"column":16},"end":{"line":318,"column":30}},"loc":{"start":{"line":318,"column":69},"end":{"line":336,"column":1}}},"10":{"name":"getContentWarnings","decl":{"start":{"line":344,"column":16},"end":{"line":344,"column":34}},"loc":{"start":{"line":344,"column":73},"end":{"line":379,"column":1}}},"11":{"name":"(anonymous_12)","decl":{"start":{"line":369,"column":43},"end":{"line":369,"column":44}},"loc":{"start":{"line":369,"column":56},"end":{"line":369,"column":95}}}},"branchMap":{"0":{"loc":{"start":{"line":87,"column":4},"end":{"line":89,"column":5}},"type":"if","locations":[{"start":{"line":87,"column":4},"end":{"line":89,"column":5}}]},"1":{"loc":{"start":{"line":110,"column":4},"end":{"line":112,"column":5}},"type":"if","locations":[{"start":{"line":110,"column":4},"end":{"line":112,"column":5}}]},"2":{"loc":{"start":{"line":115,"column":4},"end":{"line":117,"column":5}},"type":"if","locations":[{"start":{"line":115,"column":4},"end":{"line":117,"column":5}}]},"3":{"loc":{"start":{"line":120,"column":4},"end":{"line":122,"column":5}},"type":"if","locations":[{"start":{"line":120,"column":4},"end":{"line":122,"column":5}}]},"4":{"loc":{"start":{"line":125,"column":4},"end":{"line":127,"column":5}},"type":"if","locations":[{"start":{"line":125,"column":4},"end":{"line":127,"column":5}}]},"5":{"loc":{"start":{"line":130,"column":4},"end":{"line":132,"column":5}},"type":"if","locations":[{"start":{"line":130,"column":4},"end":{"line":132,"column":5}}]},"6":{"loc":{"start":{"line":135,"column":4},"end":{"line":137,"column":5}},"type":"if","locations":[{"start":{"line":135,"column":4},"end":{"line":137,"column":5}}]},"7":{"loc":{"start":{"line":140,"column":4},"end":{"line":142,"column":5}},"type":"if","locations":[{"start":{"line":140,"column":4},"end":{"line":142,"column":5}}]},"8":{"loc":{"start":{"line":155,"column":4},"end":{"line":157,"column":5}},"type":"if","locations":[{"start":{"line":155,"column":4},"end":{"line":157,"column":5}}]},"9":{"loc":{"start":{"line":159,"column":20},"end":{"line":159,"column":48}},"type":"binary-expr","locations":[{"start":{"line":159,"column":20},"end":{"line":159,"column":42}},{"start":{"line":159,"column":46},"end":{"line":159,"column":48}}]},"10":{"loc":{"start":{"line":167,"column":8},"end":{"line":173,"column":9}},"type":"if","locations":[{"start":{"line":167,"column":8},"end":{"line":173,"column":9}}]},"11":{"loc":{"start":{"line":167,"column":12},"end":{"line":167,"column":52}},"type":"binary-expr","locations":[{"start":{"line":167,"column":12},"end":{"line":167,"column":30}},{"start":{"line":167,"column":34},"end":{"line":167,"column":52}}]},"12":{"loc":{"start":{"line":170,"column":20},"end":{"line":170,"column":null}},"type":"cond-expr","locations":[{"start":{"line":170,"column":38},"end":{"line":170,"column":43}},{"start":{"line":170,"column":46},"end":{"line":170,"column":null}}]},"13":{"loc":{"start":{"line":176,"column":8},"end":{"line":180,"column":9}},"type":"if","locations":[{"start":{"line":176,"column":8},"end":{"line":180,"column":9}}]},"14":{"loc":{"start":{"line":176,"column":12},"end":{"line":176,"column":53}},"type":"binary-expr","locations":[{"start":{"line":176,"column":12},"end":{"line":176,"column":31}},{"start":{"line":176,"column":35},"end":{"line":176,"column":53}}]},"15":{"loc":{"start":{"line":178,"column":64},"end":{"line":178,"column":92}},"type":"cond-expr","locations":[{"start":{"line":178,"column":82},"end":{"line":178,"column":87}},{"start":{"line":178,"column":90},"end":{"line":178,"column":92}}]},"16":{"loc":{"start":{"line":211,"column":30},"end":{"line":211,"column":89}},"type":"binary-expr","locations":[{"start":{"line":211,"column":30},"end":{"line":211,"column":52}},{"start":{"line":211,"column":56},"end":{"line":211,"column":89}}]},"17":{"loc":{"start":{"line":213,"column":8},"end":{"line":236,"column":9}},"type":"if","locations":[{"start":{"line":213,"column":8},"end":{"line":236,"column":9}},{"start":{"line":233,"column":15},"end":{"line":236,"column":9}}]},"18":{"loc":{"start":{"line":215,"column":12},"end":{"line":232,"column":13}},"type":"if","locations":[{"start":{"line":215,"column":12},"end":{"line":232,"column":13}},{"start":{"line":217,"column":19},"end":{"line":232,"column":13}}]},"19":{"loc":{"start":{"line":219,"column":16},"end":{"line":231,"column":17}},"type":"if","locations":[{"start":{"line":219,"column":16},"end":{"line":231,"column":17}},{"start":{"line":221,"column":23},"end":{"line":231,"column":17}}]},"20":{"loc":{"start":{"line":228,"column":20},"end":{"line":230,"column":21}},"type":"if","locations":[{"start":{"line":228,"column":20},"end":{"line":230,"column":21}}]},"21":{"loc":{"start":{"line":233,"column":15},"end":{"line":236,"column":9}},"type":"if","locations":[{"start":{"line":233,"column":15},"end":{"line":236,"column":9}}]},"22":{"loc":{"start":{"line":240,"column":4},"end":{"line":244,"column":5}},"type":"if","locations":[{"start":{"line":240,"column":4},"end":{"line":244,"column":5}}]},"23":{"loc":{"start":{"line":252,"column":16},"end":{"line":252,"column":null}},"type":"cond-expr","locations":[{"start":{"line":252,"column":43},"end":{"line":252,"column":48}},{"start":{"line":252,"column":51},"end":{"line":252,"column":null}}]},"24":{"loc":{"start":{"line":266,"column":4},"end":{"line":268,"column":5}},"type":"if","locations":[{"start":{"line":266,"column":4},"end":{"line":268,"column":5}}]},"25":{"loc":{"start":{"line":303,"column":4},"end":{"line":305,"column":5}},"type":"if","locations":[{"start":{"line":303,"column":4},"end":{"line":305,"column":5}}]},"26":{"loc":{"start":{"line":319,"column":4},"end":{"line":321,"column":5}},"type":"if","locations":[{"start":{"line":319,"column":4},"end":{"line":321,"column":5}}]},"27":{"loc":{"start":{"line":323,"column":4},"end":{"line":335,"column":5}},"type":"switch","locations":[{"start":{"line":324,"column":8},"end":{"line":325,"column":41}},{"start":{"line":326,"column":8},"end":{"line":328,"column":43}},{"start":{"line":329,"column":8},"end":{"line":330,"column":39}},{"start":{"line":331,"column":8},"end":{"line":334,"column":41}}]},"28":{"loc":{"start":{"line":345,"column":4},"end":{"line":347,"column":5}},"type":"if","locations":[{"start":{"line":345,"column":4},"end":{"line":347,"column":5}}]},"29":{"loc":{"start":{"line":349,"column":4},"end":{"line":378,"column":5}},"type":"switch","locations":[{"start":{"line":350,"column":8},"end":{"line":354,"column":60}},{"start":{"line":355,"column":8},"end":{"line":372,"column":22}},{"start":{"line":373,"column":8},"end":{"line":375,"column":22}},{"start":{"line":376,"column":8},"end":{"line":377,"column":22}}]},"30":{"loc":{"start":{"line":361,"column":12},"end":{"line":371,"column":13}},"type":"if","locations":[{"start":{"line":361,"column":12},"end":{"line":371,"column":13}}]},"31":{"loc":{"start":{"line":368,"column":16},"end":{"line":370,"column":17}},"type":"if","locations":[{"start":{"line":368,"column":16},"end":{"line":370,"column":17}}]}},"s":{"0":1,"1":1,"2":1,"3":1,"4":1,"5":1,"6":1,"7":1,"8":1,"9":1,"10":1,"11":35,"12":3,"13":32,"14":32,"15":31,"16":1,"17":1,"18":19,"19":19,"20":2,"21":17,"22":7,"23":17,"24":3,"25":17,"26":1,"27":17,"28":1,"29":17,"30":2,"31":17,"32":2,"33":17,"34":21,"35":21,"36":1,"37":20,"38":20,"39":65,"40":65,"41":65,"42":3,"43":65,"44":0,"45":20,"46":20,"47":20,"48":20,"49":65,"50":65,"51":65,"52":65,"53":65,"54":29,"55":1,"56":28,"57":28,"58":26,"59":2,"60":2,"61":2,"62":2,"63":2,"64":36,"65":33,"66":20,"67":3,"68":5,"69":20,"70":20,"71":1,"72":20,"73":12,"74":2,"75":10,"76":10,"77":10,"78":10,"79":0,"80":0,"81":12,"82":12,"83":12,"84":7,"85":2,"86":5,"87":5,"88":13,"89":3,"90":10,"91":3,"92":3,"93":2,"94":2,"95":2,"96":12,"97":2,"98":10,"99":4,"100":4,"101":4,"102":5,"103":5,"104":5,"105":4,"106":4,"107":4,"108":4,"109":4,"110":3,"111":3,"112":2,"113":1,"114":0},"f":{"0":35,"1":19,"2":21,"3":65,"4":2,"5":5,"6":12,"7":12,"8":7,"9":13,"10":12,"11":3},"b":{"0":[3],"1":[2],"2":[7],"3":[3],"4":[1],"5":[1],"6":[2],"7":[2],"8":[1],"9":[20,0],"10":[3],"11":[65,64],"12":[0,3],"13":[0],"14":[65,65],"15":[0,0],"16":[65,64],"17":[29,36],"18":[1,28],"19":[26,2],"20":[2],"21":[33],"22":[3],"23":[0,1],"24":[2],"25":[2],"26":[3],"27":[3,3,2,2],"28":[2],"29":[4,5,1,0],"30":[4],"31":[3]}}
,"/home/anthonyd/Git/accordion-mendix-widget/src/utils/editingUtils.ts": {"path":"/home/anthonyd/Git/accordion-mendix-widget/src/utils/editingUtils.ts","statementMap":{"0":{"start":{"line":10,"column":0},"end":{"line":10,"column":7}},"1":{"start":{"line":36,"column":0},"end":{"line":36,"column":16}},"2":{"start":{"line":55,"column":0},"end":{"line":55,"column":16}},"3":{"start":{"line":12,"column":4},"end":{"line":14,"column":5}},"4":{"start":{"line":13,"column":8},"end":{"line":13,"column":20}},"5":{"start":{"line":16,"column":4},"end":{"line":26,"column":5}},"6":{"start":{"line":21,"column":8},"end":{"line":21,"column":54}},"7":{"start":{"line":22,"column":8},"end":{"line":22,"column":20}},"8":{"start":{"line":24,"column":8},"end":{"line":24,"column":58}},"9":{"start":{"line":25,"column":8},"end":{"line":25,"column":21}},"10":{"start":{"line":38,"column":4},"end":{"line":40,"column":5}},"11":{"start":{"line":39,"column":8},"end":{"line":39,"column":21}},"12":{"start":{"line":43,"column":4},"end":{"line":45,"column":5}},"13":{"start":{"line":44,"column":8},"end":{"line":44,"column":21}},"14":{"start":{"line":48,"column":4},"end":{"line":48,"column":19}},"15":{"start":{"line":56,"column":4},"end":{"line":56,"column":75}}},"fnMap":{"0":{"name":"checkUserRole","decl":{"start":{"line":10,"column":22},"end":{"line":10,"column":35}},"loc":{"start":{"line":10,"column":56},"end":{"line":27,"column":1}}},"1":{"name":"canEdit","decl":{"start":{"line":36,"column":16},"end":{"line":36,"column":23}},"loc":{"start":{"line":36,"column":87},"end":{"line":49,"column":1}}},"2":{"name":"generateTempId","decl":{"start":{"line":55,"column":16},"end":{"line":55,"column":30}},"loc":{"start":{"line":55,"column":30},"end":{"line":57,"column":1}}}},"branchMap":{"0":{"loc":{"start":{"line":12,"column":4},"end":{"line":14,"column":5}},"type":"if","locations":[{"start":{"line":12,"column":4},"end":{"line":14,"column":5}}]},"1":{"loc":{"start":{"line":12,"column":8},"end":{"line":12,"column":51}},"type":"binary-expr","locations":[{"start":{"line":12,"column":8},"end":{"line":12,"column":21}},{"start":{"line":12,"column":25},"end":{"line":12,"column":51}}]},"2":{"loc":{"start":{"line":38,"column":4},"end":{"line":40,"column":5}},"type":"if","locations":[{"start":{"line":38,"column":4},"end":{"line":40,"column":5}}]},"3":{"loc":{"start":{"line":43,"column":4},"end":{"line":45,"column":5}},"type":"if","locations":[{"start":{"line":43,"column":4},"end":{"line":45,"column":5}}]}},"s":{"0":1,"1":1,"2":1,"3":9,"4":2,"5":7,"6":7,"7":7,"8":0,"9":0,"10":12,"11":4,"12":8,"13":4,"14":4,"15":18},"f":{"0":9,"1":12,"2":18},"b":{"0":[2],"1":[9,7],"2":[4],"3":[4]}}
,"/home/anthonyd/Git/accordion-mendix-widget/src/utils/mendixDataService.ts": {"path":"/home/anthonyd/Git/accordion-mendix-widget/src/utils/mendixDataService.ts","statementMap":{"0":{"start":{"line":103,"column":0},"end":{"line":103,"column":16}},"1":{"start":{"line":127,"column":0},"end":{"line":127,"column":16}},"2":{"start":{"line":139,"column":0},"end":{"line":139,"column":7}},"3":{"start":{"line":179,"column":0},"end":{"line":179,"column":16}},"4":{"start":{"line":196,"column":0},"end":{"line":196,"column":16}},"5":{"start":{"line":232,"column":0},"end":{"line":232,"column":16}},"6":{"start":{"line":281,"column":0},"end":{"line":281,"column":16}},"7":{"start":{"line":316,"column":0},"end":{"line":316,"column":7}},"8":{"start":{"line":9,"column":0},"end":{"line":9,"column":25}},"9":{"start":{"line":10,"column":0},"end":{"line":10,"column":59}},"10":{"start":{"line":46,"column":4},"end":{"line":48,"column":5}},"11":{"start":{"line":47,"column":8},"end":{"line":47,"column":25}},"12":{"start":{"line":49,"column":4},"end":{"line":51,"column":5}},"13":{"start":{"line":50,"column":8},"end":{"line":50,"column":41}},"14":{"start":{"line":52,"column":4},"end":{"line":52,"column":16}},"15":{"start":{"line":62,"column":4},"end":{"line":80,"column":7}},"16":{"start":{"line":63,"column":19},"end":{"line":63,"column":26}},"17":{"start":{"line":64,"column":8},"end":{"line":67,"column":9}},"18":{"start":{"line":65,"column":12},"end":{"line":65,"column":75}},"19":{"start":{"line":66,"column":12},"end":{"line":66,"column":19}},"20":{"start":{"line":69,"column":21},"end":{"line":69,"column":39}},"21":{"start":{"line":71,"column":8},"end":{"line":79,"column":11}},"22":{"start":{"line":74,"column":16},"end":{"line":74,"column":31}},"23":{"start":{"line":77,"column":16},"end":{"line":77,"column":30}},"24":{"start":{"line":89,"column":4},"end":{"line":91,"column":5}},"25":{"start":{"line":90,"column":8},"end":{"line":90,"column":33}},"26":{"start":{"line":92,"column":4},"end":{"line":94,"column":5}},"27":{"start":{"line":93,"column":8},"end":{"line":93,"column":28}},"28":{"start":{"line":95,"column":4},"end":{"line":95,"column":67}},"29":{"start":{"line":105,"column":4},"end":{"line":108,"column":5}},"30":{"start":{"line":106,"column":22},"end":{"line":106,"column":43}},"31":{"start":{"line":107,"column":8},"end":{"line":107,"column":30}},"32":{"start":{"line":107,"column":18},"end":{"line":107,"column":30}},"33":{"start":{"line":111,"column":4},"end":{"line":113,"column":5}},"34":{"start":{"line":112,"column":8},"end":{"line":112,"column":33}},"35":{"start":{"line":116,"column":4},"end":{"line":118,"column":5}},"36":{"start":{"line":117,"column":8},"end":{"line":117,"column":22}},"37":{"start":{"line":120,"column":4},"end":{"line":120,"column":58}},"38":{"start":{"line":128,"column":4},"end":{"line":130,"column":5}},"39":{"start":{"line":129,"column":8},"end":{"line":129,"column":28}},"40":{"start":{"line":140,"column":4},"end":{"line":140,"column":59}},"41":{"start":{"line":141,"column":4},"end":{"line":141,"column":83}},"42":{"start":{"line":144,"column":4},"end":{"line":147,"column":5}},"43":{"start":{"line":145,"column":8},"end":{"line":145,"column":74}},"44":{"start":{"line":146,"column":8},"end":{"line":146,"column":34}},"45":{"start":{"line":148,"column":4},"end":{"line":151,"column":5}},"46":{"start":{"line":149,"column":8},"end":{"line":149,"column":72}},"47":{"start":{"line":150,"column":8},"end":{"line":150,"column":33}},"48":{"start":{"line":154,"column":4},"end":{"line":167,"column":5}},"49":{"start":{"line":155,"column":8},"end":{"line":166,"column":9}},"50":{"start":{"line":156,"column":30},"end":{"line":156,"column":49}},"51":{"start":{"line":157,"column":12},"end":{"line":157,"column":75}},"52":{"start":{"line":160,"column":26},"end":{"line":160,"column":54}},"53":{"start":{"line":161,"column":31},"end":{"line":161,"column":61}},"54":{"start":{"line":162,"column":12},"end":{"line":162,"column":70}},"55":{"start":{"line":163,"column":12},"end":{"line":163,"column":30}},"56":{"start":{"line":165,"column":12},"end":{"line":165,"column":76}},"57":{"start":{"line":169,"column":4},"end":{"line":169,"column":61}},"58":{"start":{"line":170,"column":4},"end":{"line":170,"column":16}},"59":{"start":{"line":181,"column":8},"end":{"line":184,"column":18}},"60":{"start":{"line":182,"column":30},"end":{"line":182,"column":64}},"61":{"start":{"line":183,"column":12},"end":{"line":183,"column":88}},"62":{"start":{"line":186,"column":4},"end":{"line":186,"column":38}},"63":{"start":{"line":197,"column":4},"end":{"line":222,"column":7}},"64":{"start":{"line":198,"column":19},"end":{"line":198,"column":26}},"65":{"start":{"line":199,"column":8},"end":{"line":202,"column":9}},"66":{"start":{"line":200,"column":12},"end":{"line":200,"column":75}},"67":{"start":{"line":201,"column":12},"end":{"line":201,"column":19}},"68":{"start":{"line":204,"column":8},"end":{"line":204,"column":76}},"69":{"start":{"line":206,"column":8},"end":{"line":221,"column":11}},"70":{"start":{"line":209,"column":16},"end":{"line":211,"column":17}},"71":{"start":{"line":210,"column":20},"end":{"line":210,"column":48}},"72":{"start":{"line":212,"column":16},"end":{"line":214,"column":17}},"73":{"start":{"line":213,"column":20},"end":{"line":213,"column":49}},"74":{"start":{"line":215,"column":16},"end":{"line":215,"column":26}},"75":{"start":{"line":218,"column":16},"end":{"line":218,"column":80}},"76":{"start":{"line":219,"column":16},"end":{"line":219,"column":30}},"77":{"start":{"line":237,"column":4},"end":{"line":272,"column":7}},"78":{"start":{"line":238,"column":19},"end":{"line":238,"column":26}},"79":{"start":{"line":239,"column":8},"end":{"line":242,"column":9}},"80":{"start":{"line":240,"column":12},"end":{"line":240,"column":75}},"81":{"start":{"line":241,"column":12},"end":{"line":241,"column":19}},"82":{"start":{"line":245,"column":8},"end":{"line":254,"column":9}},"83":{"start":{"line":246,"column":12},"end":{"line":246,"column":38}},"84":{"start":{"line":247,"column":12},"end":{"line":249,"column":13}},"85":{"start":{"line":248,"column":16},"end":{"line":248,"column":57}},"86":{"start":{"line":251,"column":12},"end":{"line":251,"column":78}},"87":{"start":{"line":252,"column":12},"end":{"line":252,"column":26}},"88":{"start":{"line":253,"column":12},"end":{"line":253,"column":19}},"89":{"start":{"line":256,"column":8},"end":{"line":271,"column":11}},"90":{"start":{"line":259,"column":16},"end":{"line":261,"column":17}},"91":{"start":{"line":260,"column":20},"end":{"line":260,"column":48}},"92":{"start":{"line":262,"column":16},"end":{"line":264,"column":17}},"93":{"start":{"line":263,"column":20},"end":{"line":263,"column":49}},"94":{"start":{"line":265,"column":16},"end":{"line":265,"column":26}},"95":{"start":{"line":268,"column":16},"end":{"line":268,"column":80}},"96":{"start":{"line":269,"column":16},"end":{"line":269,"column":30}},"97":{"start":{"line":282,"column":4},"end":{"line":302,"column":7}},"98":{"start":{"line":283,"column":19},"end":{"line":283,"column":26}},"99":{"start":{"line":284,"column":8},"end":{"line":287,"column":9}},"100":{"start":{"line":285,"column":12},"end":{"line":285,"column":75}},"101":{"start":{"line":286,"column":12},"end":{"line":286,"column":19}},"102":{"start":{"line":289,"column":8},"end":{"line":301,"column":11}},"103":{"start":{"line":292,"column":16},"end":{"line":294,"column":17}},"104":{"start":{"line":293,"column":20},"end":{"line":293,"column":48}},"105":{"start":{"line":295,"column":16},"end":{"line":295,"column":29}},"106":{"start":{"line":298,"column":16},"end":{"line":298,"column":80}},"107":{"start":{"line":299,"column":16},"end":{"line":299,"column":30}},"108":{"start":{"line":324,"column":15},"end":{"line":324,"column":22}},"109":{"start":{"line":325,"column":4},"end":{"line":327,"column":5}},"110":{"start":{"line":326,"column":8},"end":{"line":326,"column":69}},"111":{"start":{"line":331,"column":29},"end":{"line":331,"column":39}},"112":{"start":{"line":332,"column":33},"end":{"line":332,"column":47}},"113":{"start":{"line":335,"column":4},"end":{"line":354,"column":5}},"114":{"start":{"line":336,"column":35},"end":{"line":336,"column":51}},"115":{"start":{"line":337,"column":23},"end":{"line":337,"column":58}},"116":{"start":{"line":338,"column":23},"end":{"line":338,"column":58}},"117":{"start":{"line":340,"column":8},"end":{"line":342,"column":9}},"118":{"start":{"line":341,"column":12},"end":{"line":341,"column":61}},"119":{"start":{"line":344,"column":8},"end":{"line":344,"column":44}},"120":{"start":{"line":345,"column":8},"end":{"line":345,"column":44}},"121":{"start":{"line":346,"column":8},"end":{"line":346,"column":48}},"122":{"start":{"line":347,"column":8},"end":{"line":347,"column":44}},"123":{"start":{"line":348,"column":11},"end":{"line":354,"column":5}},"124":{"start":{"line":350,"column":8},"end":{"line":350,"column":41}},"125":{"start":{"line":351,"column":8},"end":{"line":351,"column":43}},"126":{"start":{"line":353,"column":8},"end":{"line":353,"column":91}},"127":{"start":{"line":356,"column":4},"end":{"line":356,"column":42}},"128":{"start":{"line":357,"column":4},"end":{"line":357,"column":93}},"129":{"start":{"line":360,"column":19},"end":{"line":360,"column":43}},"130":{"start":{"line":361,"column":19},"end":{"line":361,"column":43}},"131":{"start":{"line":363,"column":4},"end":{"line":363,"column":50}},"132":{"start":{"line":364,"column":4},"end":{"line":364,"column":72}},"133":{"start":{"line":365,"column":4},"end":{"line":365,"column":72}},"134":{"start":{"line":366,"column":4},"end":{"line":369,"column":6}},"135":{"start":{"line":370,"column":4},"end":{"line":373,"column":6}},"136":{"start":{"line":376,"column":4},"end":{"line":376,"column":58}},"137":{"start":{"line":377,"column":4},"end":{"line":377,"column":50}},"138":{"start":{"line":378,"column":4},"end":{"line":378,"column":50}},"139":{"start":{"line":380,"column":4},"end":{"line":383,"column":6}},"140":{"start":{"line":384,"column":4},"end":{"line":387,"column":6}},"141":{"start":{"line":390,"column":4},"end":{"line":428,"column":7}},"142":{"start":{"line":391,"column":8},"end":{"line":391,"column":75}},"143":{"start":{"line":392,"column":8},"end":{"line":427,"column":11}},"144":{"start":{"line":395,"column":16},"end":{"line":395,"column":67}},"145":{"start":{"line":396,"column":16},"end":{"line":396,"column":84}},"146":{"start":{"line":397,"column":16},"end":{"line":420,"column":19}},"147":{"start":{"line":400,"column":24},"end":{"line":400,"column":75}},"148":{"start":{"line":401,"column":24},"end":{"line":403,"column":25}},"149":{"start":{"line":402,"column":28},"end":{"line":402,"column":64}},"150":{"start":{"line":404,"column":24},"end":{"line":407,"column":25}},"151":{"start":{"line":405,"column":28},"end":{"line":405,"column":84}},"152":{"start":{"line":406,"column":28},"end":{"line":406,"column":65}},"153":{"start":{"line":408,"column":24},"end":{"line":408,"column":67}},"154":{"start":{"line":409,"column":24},"end":{"line":409,"column":34}},"155":{"start":{"line":412,"column":24},"end":{"line":412,"column":93}},"156":{"start":{"line":413,"column":24},"end":{"line":417,"column":26}},"157":{"start":{"line":418,"column":24},"end":{"line":418,"column":38}},"158":{"start":{"line":423,"column":16},"end":{"line":423,"column":84}},"159":{"start":{"line":424,"column":16},"end":{"line":424,"column":93}},"160":{"start":{"line":425,"column":16},"end":{"line":425,"column":30}}},"fnMap":{"0":{"name":"getMx","decl":{"start":{"line":45,"column":9},"end":{"line":45,"column":14}},"loc":{"start":{"line":45,"column":14},"end":{"line":53,"column":1}}},"1":{"name":"getMxObject","decl":{"start":{"line":61,"column":9},"end":{"line":61,"column":20}},"loc":{"start":{"line":61,"column":36},"end":{"line":81,"column":1}}},"2":{"name":"(anonymous_3)","decl":{"start":{"line":62,"column":23},"end":{"line":62,"column":24}},"loc":{"start":{"line":62,"column":43},"end":{"line":80,"column":5}}},"3":{"name":"(anonymous_4)","decl":{"start":{"line":73,"column":22},"end":{"line":73,"column":23}},"loc":{"start":{"line":73,"column":37},"end":{"line":75,"column":13}}},"4":{"name":"(anonymous_5)","decl":{"start":{"line":76,"column":19},"end":{"line":76,"column":20}},"loc":{"start":{"line":76,"column":36},"end":{"line":78,"column":13}}},"5":{"name":"getEntityNameFromObject","decl":{"start":{"line":88,"column":9},"end":{"line":88,"column":32}},"loc":{"start":{"line":88,"column":43},"end":{"line":96,"column":1}}},"6":{"name":"getObjectGuid","decl":{"start":{"line":103,"column":16},"end":{"line":103,"column":29}},"loc":{"start":{"line":103,"column":45},"end":{"line":121,"column":1}}},"7":{"name":"reloadDataSource","decl":{"start":{"line":127,"column":16},"end":{"line":127,"column":32}},"loc":{"start":{"line":127,"column":48},"end":{"line":131,"column":1}}},"8":{"name":"getEntityName","decl":{"start":{"line":139,"column":22},"end":{"line":139,"column":35}},"loc":{"start":{"line":139,"column":51},"end":{"line":171,"column":1}}},"9":{"name":"getNextSortOrder","decl":{"start":{"line":179,"column":16},"end":{"line":179,"column":32}},"loc":{"start":{"line":179,"column":89},"end":{"line":187,"column":1}}},"10":{"name":"(anonymous_11)","decl":{"start":{"line":181,"column":22},"end":{"line":181,"column":23}},"loc":{"start":{"line":181,"column":36},"end":{"line":184,"column":9}}},"11":{"name":"commitObject","decl":{"start":{"line":196,"column":16},"end":{"line":196,"column":28}},"loc":{"start":{"line":196,"column":80},"end":{"line":223,"column":1}}},"12":{"name":"(anonymous_13)","decl":{"start":{"line":197,"column":23},"end":{"line":197,"column":24}},"loc":{"start":{"line":197,"column":43},"end":{"line":222,"column":5}}},"13":{"name":"(anonymous_14)","decl":{"start":{"line":208,"column":22},"end":{"line":208,"column":25}},"loc":{"start":{"line":208,"column":27},"end":{"line":216,"column":13}}},"14":{"name":"(anonymous_15)","decl":{"start":{"line":217,"column":19},"end":{"line":217,"column":20}},"loc":{"start":{"line":217,"column":36},"end":{"line":220,"column":13}}},"15":{"name":"deleteObject","decl":{"start":{"line":232,"column":16},"end":{"line":232,"column":28}},"loc":{"start":{"line":235,"column":27},"end":{"line":273,"column":1}}},"16":{"name":"(anonymous_17)","decl":{"start":{"line":237,"column":23},"end":{"line":237,"column":24}},"loc":{"start":{"line":237,"column":43},"end":{"line":272,"column":5}}},"17":{"name":"(anonymous_18)","decl":{"start":{"line":258,"column":22},"end":{"line":258,"column":25}},"loc":{"start":{"line":258,"column":27},"end":{"line":266,"column":13}}},"18":{"name":"(anonymous_19)","decl":{"start":{"line":267,"column":19},"end":{"line":267,"column":20}},"loc":{"start":{"line":267,"column":36},"end":{"line":270,"column":13}}},"19":{"name":"createObject","decl":{"start":{"line":281,"column":16},"end":{"line":281,"column":28}},"loc":{"start":{"line":281,"column":72},"end":{"line":303,"column":1}}},"20":{"name":"(anonymous_21)","decl":{"start":{"line":282,"column":23},"end":{"line":282,"column":24}},"loc":{"start":{"line":282,"column":43},"end":{"line":302,"column":5}}},"21":{"name":"(anonymous_22)","decl":{"start":{"line":291,"column":22},"end":{"line":291,"column":23}},"loc":{"start":{"line":291,"column":42},"end":{"line":296,"column":13}}},"22":{"name":"(anonymous_23)","decl":{"start":{"line":297,"column":19},"end":{"line":297,"column":20}},"loc":{"start":{"line":297,"column":36},"end":{"line":300,"column":13}}},"23":{"name":"swapSortOrders","decl":{"start":{"line":316,"column":22},"end":{"line":316,"column":36}},"loc":{"start":{"line":322,"column":27},"end":{"line":429,"column":1}}},"24":{"name":"(anonymous_25)","decl":{"start":{"line":390,"column":23},"end":{"line":390,"column":24}},"loc":{"start":{"line":390,"column":43},"end":{"line":428,"column":5}}},"25":{"name":"(anonymous_26)","decl":{"start":{"line":394,"column":22},"end":{"line":394,"column":25}},"loc":{"start":{"line":394,"column":27},"end":{"line":421,"column":13}}},"26":{"name":"(anonymous_27)","decl":{"start":{"line":399,"column":30},"end":{"line":399,"column":33}},"loc":{"start":{"line":399,"column":35},"end":{"line":410,"column":21}}},"27":{"name":"(anonymous_28)","decl":{"start":{"line":411,"column":27},"end":{"line":411,"column":28}},"loc":{"start":{"line":411,"column":44},"end":{"line":419,"column":21}}},"28":{"name":"(anonymous_29)","decl":{"start":{"line":422,"column":19},"end":{"line":422,"column":20}},"loc":{"start":{"line":422,"column":36},"end":{"line":426,"column":13}}}},"branchMap":{"0":{"loc":{"start":{"line":46,"column":4},"end":{"line":48,"column":5}},"type":"if","locations":[{"start":{"line":46,"column":4},"end":{"line":48,"column":5}}]},"1":{"loc":{"start":{"line":46,"column":8},"end":{"line":46,"column":50}},"type":"binary-expr","locations":[{"start":{"line":46,"column":8},"end":{"line":46,"column":37}},{"start":{"line":46,"column":41},"end":{"line":46,"column":50}}]},"2":{"loc":{"start":{"line":49,"column":4},"end":{"line":51,"column":5}},"type":"if","locations":[{"start":{"line":49,"column":4},"end":{"line":51,"column":5}}]},"3":{"loc":{"start":{"line":49,"column":8},"end":{"line":49,"column":67}},"type":"binary-expr","locations":[{"start":{"line":49,"column":8},"end":{"line":49,"column":37}},{"start":{"line":49,"column":42},"end":{"line":49,"column":67}}]},"4":{"loc":{"start":{"line":64,"column":8},"end":{"line":67,"column":9}},"type":"if","locations":[{"start":{"line":64,"column":8},"end":{"line":67,"column":9}}]},"5":{"loc":{"start":{"line":64,"column":12},"end":{"line":64,"column":27}},"type":"binary-expr","locations":[{"start":{"line":64,"column":12},"end":{"line":64,"column":15}},{"start":{"line":64,"column":19},"end":{"line":64,"column":27}}]},"6":{"loc":{"start":{"line":89,"column":4},"end":{"line":91,"column":5}},"type":"if","locations":[{"start":{"line":89,"column":4},"end":{"line":91,"column":5}}]},"7":{"loc":{"start":{"line":89,"column":8},"end":{"line":89,"column":64}},"type":"binary-expr","locations":[{"start":{"line":89,"column":8},"end":{"line":89,"column":23}},{"start":{"line":89,"column":27},"end":{"line":89,"column":64}}]},"8":{"loc":{"start":{"line":92,"column":4},"end":{"line":94,"column":5}},"type":"if","locations":[{"start":{"line":92,"column":4},"end":{"line":94,"column":5}}]},"9":{"loc":{"start":{"line":105,"column":4},"end":{"line":108,"column":5}},"type":"if","locations":[{"start":{"line":105,"column":4},"end":{"line":108,"column":5}}]},"10":{"loc":{"start":{"line":105,"column":9},"end":{"line":105,"column":74}},"type":"binary-expr","locations":[{"start":{"line":105,"column":9},"end":{"line":105,"column":28}},{"start":{"line":105,"column":32},"end":{"line":105,"column":74}}]},"11":{"loc":{"start":{"line":107,"column":8},"end":{"line":107,"column":30}},"type":"if","locations":[{"start":{"line":107,"column":8},"end":{"line":107,"column":30}}]},"12":{"loc":{"start":{"line":111,"column":4},"end":{"line":113,"column":5}},"type":"if","locations":[{"start":{"line":111,"column":4},"end":{"line":113,"column":5}}]},"13":{"loc":{"start":{"line":116,"column":4},"end":{"line":118,"column":5}},"type":"if","locations":[{"start":{"line":116,"column":4},"end":{"line":118,"column":5}}]},"14":{"loc":{"start":{"line":128,"column":4},"end":{"line":130,"column":5}},"type":"if","locations":[{"start":{"line":128,"column":4},"end":{"line":130,"column":5}}]},"15":{"loc":{"start":{"line":128,"column":8},"end":{"line":128,"column":61}},"type":"binary-expr","locations":[{"start":{"line":128,"column":8},"end":{"line":128,"column":18}},{"start":{"line":128,"column":22},"end":{"line":128,"column":61}}]},"16":{"loc":{"start":{"line":141,"column":64},"end":{"line":141,"column":80}},"type":"binary-expr","locations":[{"start":{"line":141,"column":64},"end":{"line":141,"column":74}},{"start":{"line":141,"column":78},"end":{"line":141,"column":80}}]},"17":{"loc":{"start":{"line":144,"column":4},"end":{"line":147,"column":5}},"type":"if","locations":[{"start":{"line":144,"column":4},"end":{"line":147,"column":5}}]},"18":{"loc":{"start":{"line":148,"column":4},"end":{"line":151,"column":5}},"type":"if","locations":[{"start":{"line":148,"column":4},"end":{"line":151,"column":5}}]},"19":{"loc":{"start":{"line":154,"column":4},"end":{"line":167,"column":5}},"type":"if","locations":[{"start":{"line":154,"column":4},"end":{"line":167,"column":5}}]},"20":{"loc":{"start":{"line":154,"column":8},"end":{"line":154,"column":56}},"type":"binary-expr","locations":[{"start":{"line":154,"column":8},"end":{"line":154,"column":25}},{"start":{"line":154,"column":29},"end":{"line":154,"column":56}}]},"21":{"loc":{"start":{"line":181,"column":8},"end":{"line":184,"column":18}},"type":"binary-expr","locations":[{"start":{"line":181,"column":8},"end":{"line":184,"column":13}},{"start":{"line":184,"column":17},"end":{"line":184,"column":18}}]},"22":{"loc":{"start":{"line":183,"column":19},"end":{"line":183,"column":87}},"type":"cond-expr","locations":[{"start":{"line":183,"column":61},"end":{"line":183,"column":81}},{"start":{"line":183,"column":84},"end":{"line":183,"column":87}}]},"23":{"loc":{"start":{"line":183,"column":19},"end":{"line":183,"column":58}},"type":"binary-expr","locations":[{"start":{"line":183,"column":19},"end":{"line":183,"column":28}},{"start":{"line":183,"column":32},"end":{"line":183,"column":58}}]},"24":{"loc":{"start":{"line":199,"column":8},"end":{"line":202,"column":9}},"type":"if","locations":[{"start":{"line":199,"column":8},"end":{"line":202,"column":9}}]},"25":{"loc":{"start":{"line":199,"column":12},"end":{"line":199,"column":27}},"type":"binary-expr","locations":[{"start":{"line":199,"column":12},"end":{"line":199,"column":15}},{"start":{"line":199,"column":19},"end":{"line":199,"column":27}}]},"26":{"loc":{"start":{"line":209,"column":16},"end":{"line":211,"column":17}},"type":"if","locations":[{"start":{"line":209,"column":16},"end":{"line":211,"column":17}}]},"27":{"loc":{"start":{"line":212,"column":16},"end":{"line":214,"column":17}},"type":"if","locations":[{"start":{"line":212,"column":16},"end":{"line":214,"column":17}}]},"28":{"loc":{"start":{"line":239,"column":8},"end":{"line":242,"column":9}},"type":"if","locations":[{"start":{"line":239,"column":8},"end":{"line":242,"column":9}}]},"29":{"loc":{"start":{"line":239,"column":12},"end":{"line":239,"column":27}},"type":"binary-expr","locations":[{"start":{"line":239,"column":12},"end":{"line":239,"column":15}},{"start":{"line":239,"column":19},"end":{"line":239,"column":27}}]},"30":{"loc":{"start":{"line":247,"column":12},"end":{"line":249,"column":13}},"type":"if","locations":[{"start":{"line":247,"column":12},"end":{"line":249,"column":13}}]},"31":{"loc":{"start":{"line":247,"column":16},"end":{"line":247,"column":49}},"type":"binary-expr","locations":[{"start":{"line":247,"column":16},"end":{"line":247,"column":21}},{"start":{"line":247,"column":25},"end":{"line":247,"column":49}}]},"32":{"loc":{"start":{"line":259,"column":16},"end":{"line":261,"column":17}},"type":"if","locations":[{"start":{"line":259,"column":16},"end":{"line":261,"column":17}}]},"33":{"loc":{"start":{"line":262,"column":16},"end":{"line":264,"column":17}},"type":"if","locations":[{"start":{"line":262,"column":16},"end":{"line":264,"column":17}}]},"34":{"loc":{"start":{"line":284,"column":8},"end":{"line":287,"column":9}},"type":"if","locations":[{"start":{"line":284,"column":8},"end":{"line":287,"column":9}}]},"35":{"loc":{"start":{"line":284,"column":12},"end":{"line":284,"column":27}},"type":"binary-expr","locations":[{"start":{"line":284,"column":12},"end":{"line":284,"column":15}},{"start":{"line":284,"column":19},"end":{"line":284,"column":27}}]},"36":{"loc":{"start":{"line":292,"column":16},"end":{"line":294,"column":17}},"type":"if","locations":[{"start":{"line":292,"column":16},"end":{"line":294,"column":17}}]},"37":{"loc":{"start":{"line":325,"column":4},"end":{"line":327,"column":5}},"type":"if","locations":[{"start":{"line":325,"column":4},"end":{"line":327,"column":5}}]},"38":{"loc":{"start":{"line":325,"column":8},"end":{"line":325,"column":23}},"type":"binary-expr","locations":[{"start":{"line":325,"column":8},"end":{"line":325,"column":11}},{"start":{"line":325,"column":15},"end":{"line":325,"column":23}}]},"39":{"loc":{"start":{"line":335,"column":4},"end":{"line":354,"column":5}},"type":"if","locations":[{"start":{"line":335,"column":4},"end":{"line":354,"column":5}},{"start":{"line":348,"column":11},"end":{"line":354,"column":5}}]},"40":{"loc":{"start":{"line":335,"column":8},"end":{"line":335,"column":79}},"type":"binary-expr","locations":[{"start":{"line":335,"column":8},"end":{"line":335,"column":24}},{"start":{"line":335,"column":28},"end":{"line":335,"column":79}}]},"41":{"loc":{"start":{"line":340,"column":8},"end":{"line":342,"column":9}},"type":"if","locations":[{"start":{"line":340,"column":8},"end":{"line":342,"column":9}}]},"42":{"loc":{"start":{"line":340,"column":12},"end":{"line":340,"column":94}},"type":"binary-expr","locations":[{"start":{"line":340,"column":12},"end":{"line":340,"column":27}},{"start":{"line":340,"column":31},"end":{"line":340,"column":51}},{"start":{"line":340,"column":55},"end":{"line":340,"column":70}},{"start":{"line":340,"column":74},"end":{"line":340,"column":94}}]},"43":{"loc":{"start":{"line":348,"column":11},"end":{"line":354,"column":5}},"type":"if","locations":[{"start":{"line":348,"column":11},"end":{"line":354,"column":5}},{"start":{"line":352,"column":11},"end":{"line":354,"column":5}}]},"44":{"loc":{"start":{"line":401,"column":24},"end":{"line":403,"column":25}},"type":"if","locations":[{"start":{"line":401,"column":24},"end":{"line":403,"column":25}}]},"45":{"loc":{"start":{"line":404,"column":24},"end":{"line":407,"column":25}},"type":"if","locations":[{"start":{"line":404,"column":24},"end":{"line":407,"column":25}}]}},"s":{"0":1,"1":1,"2":1,"3":1,"4":1,"5":1,"6":1,"7":1,"8":1,"9":1,"10":32,"11":28,"12":4,"13":0,"14":4,"15":10,"16":10,"17":10,"18":0,"19":0,"20":10,"21":10,"22":10,"23":0,"24":0,"25":0,"26":0,"27":0,"28":0,"29":17,"30":2,"31":2,"32":2,"33":15,"34":5,"35":10,"36":10,"37":0,"38":7,"39":4,"40":5,"41":5,"42":5,"43":1,"44":1,"45":4,"46":1,"47":1,"48":3,"49":0,"50":0,"51":0,"52":0,"53":0,"54":0,"55":0,"56":0,"57":3,"58":3,"59":4,"60":6,"61":6,"62":4,"63":5,"64":5,"65":5,"66":1,"67":1,"68":4,"69":4,"70":3,"71":1,"72":3,"73":1,"74":3,"75":1,"76":1,"77":6,"78":6,"79":6,"80":1,"81":1,"82":5,"83":5,"84":5,"85":0,"86":0,"87":0,"88":0,"89":5,"90":4,"91":1,"92":4,"93":1,"94":4,"95":1,"96":1,"97":4,"98":4,"99":4,"100":1,"101":1,"102":3,"103":2,"104":1,"105":2,"106":1,"107":1,"108":7,"109":7,"110":1,"111":6,"112":6,"113":6,"114":6,"115":6,"116":6,"117":6,"118":1,"119":5,"120":5,"121":5,"122":5,"123":0,"124":0,"125":0,"126":0,"127":5,"128":5,"129":5,"130":5,"131":5,"132":5,"133":5,"134":5,"135":5,"136":5,"137":5,"138":5,"139":5,"140":5,"141":5,"142":5,"143":5,"144":4,"145":4,"146":4,"147":3,"148":3,"149":1,"150":3,"151":1,"152":1,"153":3,"154":3,"155":1,"156":1,"157":1,"158":1,"159":1,"160":1},"f":{"0":32,"1":10,"2":10,"3":10,"4":0,"5":0,"6":17,"7":7,"8":5,"9":4,"10":6,"11":5,"12":5,"13":3,"14":1,"15":6,"16":6,"17":4,"18":1,"19":4,"20":4,"21":2,"22":1,"23":7,"24":5,"25":4,"26":3,"27":1,"28":1},"b":{"0":[28],"1":[32,32],"2":[0],"3":[4,4],"4":[0],"5":[10,10],"6":[0],"7":[0,0],"8":[0],"9":[2],"10":[17,2],"11":[2],"12":[5],"13":[10],"14":[4],"15":[7,5],"16":[5,2],"17":[1],"18":[1],"19":[0],"20":[3,0],"21":[4,2],"22":[4,2],"23":[6,4],"24":[1],"25":[5,4],"26":[1],"27":[1],"28":[1],"29":[6,5],"30":[0],"31":[5,5],"32":[1],"33":[1],"34":[1],"35":[4,3],"36":[1],"37":[1],"38":[7,6],"39":[6,0],"40":[6,6],"41":[1],"42":[6,5,5,5],"43":[0,0],"44":[1],"45":[1]}}
}
