TN:
SF:src/utils/contentProcessor.ts
FN:86,sanitizeHTML
FN:107,validateHTML
FN:152,validateHTMLSyntax
FN:161,(anonymous_4)
FN:227,(anonymous_5)
FN:241,(anonymous_6)
FN:265,markdownToHTML
FN:291,escapeHTML
FN:302,textToHTML
FN:318,processContent
FN:344,getContentWarnings
FN:369,(anonymous_12)
FNF:12
FNH:12
FNDA:35,sanitizeHTML
FNDA:19,validateHTML
FNDA:21,validateHTMLSyntax
FNDA:65,(anonymous_4)
FNDA:2,(anonymous_5)
FNDA:5,(anonymous_6)
FNDA:12,markdownToHTML
FNDA:12,escapeHTML
FNDA:7,textToHTML
FNDA:13,processContent
FNDA:12,getContentWarnings
FNDA:3,(anonymous_12)
DA:1,1
DA:2,1
DA:17,1
DA:86,1
DA:87,35
DA:88,3
DA:91,32
DA:93,32
DA:94,31
DA:96,1
DA:98,1
DA:107,1
DA:108,19
DA:110,19
DA:111,2
DA:115,17
DA:116,7
DA:120,17
DA:121,3
DA:125,17
DA:126,1
DA:130,17
DA:131,1
DA:135,17
DA:136,2
DA:140,17
DA:141,2
DA:144,17
DA:152,1
DA:153,21
DA:155,21
DA:156,1
DA:159,20
DA:161,20
DA:164,65
DA:165,65
DA:167,65
DA:168,3
DA:176,65
DA:177,0
DA:185,20
DA:203,20
DA:204,20
DA:207,20
DA:208,65
DA:209,65
DA:210,65
DA:211,65
DA:213,65
DA:215,29
DA:216,1
DA:218,28
DA:219,28
DA:220,26
DA:223,2
DA:227,2
DA:228,2
DA:229,2
DA:233,36
DA:235,33
DA:240,20
DA:241,3
DA:242,5
DA:247,20
DA:249,20
DA:250,1
DA:257,20
DA:265,1
DA:266,12
DA:267,2
DA:270,10
DA:272,10
DA:277,10
DA:279,10
DA:281,0
DA:282,0
DA:291,1
DA:292,12
DA:293,12
DA:294,12
DA:302,1
DA:303,7
DA:304,2
DA:308,5
DA:309,5
DA:318,1
DA:319,13
DA:320,3
DA:323,10
DA:325,3
DA:328,3
DA:330,2
DA:333,2
DA:334,2
DA:344,1
DA:345,12
DA:346,2
DA:349,10
DA:352,4
DA:353,4
DA:354,4
DA:358,5
DA:359,5
DA:361,5
DA:363,4
DA:364,4
DA:365,4
DA:367,4
DA:368,4
DA:369,3
DA:372,2
DA:375,1
DA:377,0
LF:113
LH:109
BRDA:87,0,0,3
BRDA:110,1,0,2
BRDA:115,2,0,7
BRDA:120,3,0,3
BRDA:125,4,0,1
BRDA:130,5,0,1
BRDA:135,6,0,2
BRDA:140,7,0,2
BRDA:155,8,0,1
BRDA:159,9,0,20
BRDA:159,9,1,0
BRDA:167,10,0,3
BRDA:167,11,0,65
BRDA:167,11,1,64
BRDA:170,12,0,0
BRDA:170,12,1,3
BRDA:176,13,0,0
BRDA:176,14,0,65
BRDA:176,14,1,65
BRDA:178,15,0,0
BRDA:178,15,1,0
BRDA:211,16,0,65
BRDA:211,16,1,64
BRDA:213,17,0,29
BRDA:213,17,1,36
BRDA:215,18,0,1
BRDA:215,18,1,28
BRDA:219,19,0,26
BRDA:219,19,1,2
BRDA:228,20,0,2
BRDA:233,21,0,33
BRDA:240,22,0,3
BRDA:252,23,0,0
BRDA:252,23,1,1
BRDA:266,24,0,2
BRDA:303,25,0,2
BRDA:319,26,0,3
BRDA:323,27,0,3
BRDA:323,27,1,3
BRDA:323,27,2,2
BRDA:323,27,3,2
BRDA:345,28,0,2
BRDA:349,29,0,4
BRDA:349,29,1,5
BRDA:349,29,2,1
BRDA:349,29,3,0
BRDA:361,30,0,4
BRDA:368,31,0,3
BRF:48
BRH:41
end_of_record
TN:
SF:src/utils/debugLogger.ts
FN:11,setDebugMode
FN:18,isDebugEnabled
FN:25,debugLog
FN:34,debugWarn
FN:43,debugError
FNF:5
FNH:3
FNDA:2,setDebugMode
FNDA:0,isDebugEnabled
FNDA:100,debugLog
FNDA:0,debugWarn
FNDA:5,debugError
DA:6,2
DA:11,2
DA:12,2
DA:18,2
DA:19,0
DA:25,2
DA:26,100
DA:27,93
DA:34,2
DA:35,0
DA:36,0
DA:43,2
DA:44,5
LF:13
LH:10
BRDA:26,0,0,93
BRDA:35,1,0,0
BRF:2
BRH:1
end_of_record
TN:
SF:src/utils/editingUtils.ts
FN:11,checkUserRole
FN:37,canEdit
FN:56,generateTempId
FNF:3
FNH:3
FNDA:9,checkUserRole
FNDA:12,canEdit
FNDA:18,generateTempId
DA:4,1
DA:11,1
DA:13,9
DA:14,2
DA:17,7
DA:22,7
DA:23,7
DA:25,0
DA:26,0
DA:37,1
DA:39,12
DA:40,4
DA:44,8
DA:45,4
DA:49,4
DA:56,1
DA:57,18
LF:17
LH:15
BRDA:13,0,0,2
BRDA:13,1,0,9
BRDA:13,1,1,7
BRDA:39,2,0,4
BRDA:44,3,0,4
BRF:5
BRH:5
end_of_record
TN:
SF:src/utils/mendixDataService.ts
FN:46,getMx
FN:62,getMxObject
FN:63,(anonymous_3)
FN:74,(anonymous_4)
FN:77,(anonymous_5)
FN:89,getEntityNameFromObject
FN:104,getObjectGuid
FN:128,reloadDataSource
FN:140,getEntityName
FN:180,getNextSortOrder
FN:182,(anonymous_11)
FN:197,commitObject
FN:198,(anonymous_13)
FN:209,(anonymous_14)
FN:218,(anonymous_15)
FN:233,deleteObject
FN:238,(anonymous_17)
FN:259,(anonymous_18)
FN:268,(anonymous_19)
FN:282,createObject
FN:283,(anonymous_21)
FN:292,(anonymous_22)
FN:298,(anonymous_23)
FN:317,swapSortOrders
FN:391,(anonymous_25)
FN:395,(anonymous_26)
FN:400,(anonymous_27)
FN:412,(anonymous_28)
FN:423,(anonymous_29)
FNF:29
FNH:27
FNDA:32,getMx
FNDA:10,getMxObject
FNDA:10,(anonymous_3)
FNDA:10,(anonymous_4)
FNDA:0,(anonymous_5)
FNDA:0,getEntityNameFromObject
FNDA:17,getObjectGuid
FNDA:7,reloadDataSource
FNDA:5,getEntityName
FNDA:4,getNextSortOrder
FNDA:6,(anonymous_11)
FNDA:5,commitObject
FNDA:5,(anonymous_13)
FNDA:3,(anonymous_14)
FNDA:1,(anonymous_15)
FNDA:6,deleteObject
FNDA:6,(anonymous_17)
FNDA:4,(anonymous_18)
FNDA:1,(anonymous_19)
FNDA:4,createObject
FNDA:4,(anonymous_21)
FNDA:2,(anonymous_22)
FNDA:1,(anonymous_23)
FNDA:7,swapSortOrders
FNDA:5,(anonymous_25)
FNDA:4,(anonymous_26)
FNDA:3,(anonymous_27)
FNDA:1,(anonymous_28)
FNDA:1,(anonymous_29)
DA:9,1
DA:10,1
DA:11,1
DA:47,32
DA:48,28
DA:50,4
DA:51,0
DA:53,4
DA:63,10
DA:64,10
DA:65,10
DA:66,0
DA:67,0
DA:70,10
DA:72,10
DA:75,10
DA:78,0
DA:90,0
DA:91,0
DA:93,0
DA:94,0
DA:96,0
DA:104,1
DA:106,17
DA:107,2
DA:108,2
DA:112,15
DA:113,5
DA:117,10
DA:118,10
DA:121,0
DA:128,1
DA:129,7
DA:130,4
DA:140,1
DA:141,5
DA:142,5
DA:145,5
DA:146,1
DA:147,1
DA:149,4
DA:150,1
DA:151,1
DA:155,3
DA:156,0
DA:157,0
DA:158,0
DA:161,0
DA:162,0
DA:163,0
DA:164,0
DA:166,0
DA:170,3
DA:171,3
DA:180,1
DA:182,4
DA:183,6
DA:184,6
DA:187,4
DA:197,1
DA:198,5
DA:199,5
DA:200,5
DA:201,1
DA:202,1
DA:205,4
DA:207,4
DA:210,3
DA:211,1
DA:213,3
DA:214,1
DA:216,3
DA:219,1
DA:220,1
DA:233,1
DA:238,6
DA:239,6
DA:240,6
DA:241,1
DA:242,1
DA:246,5
DA:247,5
DA:248,5
DA:249,0
DA:252,0
DA:253,0
DA:254,0
DA:257,5
DA:260,4
DA:261,1
DA:263,4
DA:264,1
DA:266,4
DA:269,1
DA:270,1
DA:282,1
DA:283,4
DA:284,4
DA:285,4
DA:286,1
DA:287,1
DA:290,3
DA:293,2
DA:294,1
DA:296,2
DA:299,1
DA:300,1
DA:317,1
DA:325,7
DA:326,7
DA:327,1
DA:332,6
DA:333,6
DA:336,6
DA:337,6
DA:338,6
DA:339,6
DA:341,6
DA:342,1
DA:345,5
DA:346,5
DA:347,5
DA:348,5
DA:349,0
DA:351,0
DA:352,0
DA:354,0
DA:357,5
DA:358,5
DA:361,5
DA:362,5
DA:364,5
DA:365,5
DA:366,5
DA:367,5
DA:371,5
DA:377,5
DA:378,5
DA:379,5
DA:381,5
DA:385,5
DA:391,5
DA:392,5
DA:393,5
DA:396,4
DA:397,4
DA:398,4
DA:401,3
DA:402,3
DA:403,1
DA:405,3
DA:406,1
DA:407,1
DA:409,3
DA:410,3
DA:413,1
DA:414,1
DA:419,1
DA:424,1
DA:425,1
DA:426,1
LF:161
LH:135
BRDA:47,0,0,28
BRDA:47,1,0,32
BRDA:47,1,1,32
BRDA:50,2,0,0
BRDA:50,3,0,4
BRDA:50,3,1,4
BRDA:65,4,0,0
BRDA:65,5,0,10
BRDA:65,5,1,10
BRDA:90,6,0,0
BRDA:90,7,0,0
BRDA:90,7,1,0
BRDA:93,8,0,0
BRDA:106,9,0,2
BRDA:106,10,0,17
BRDA:106,10,1,2
BRDA:108,11,0,2
BRDA:112,12,0,5
BRDA:117,13,0,10
BRDA:129,14,0,4
BRDA:129,15,0,7
BRDA:129,15,1,5
BRDA:142,16,0,5
BRDA:142,16,1,2
BRDA:145,17,0,1
BRDA:149,18,0,1
BRDA:155,19,0,0
BRDA:155,20,0,3
BRDA:155,20,1,0
BRDA:182,21,0,4
BRDA:182,21,1,2
BRDA:184,22,0,4
BRDA:184,22,1,2
BRDA:184,23,0,6
BRDA:184,23,1,4
BRDA:200,24,0,1
BRDA:200,25,0,5
BRDA:200,25,1,4
BRDA:210,26,0,1
BRDA:213,27,0,1
BRDA:240,28,0,1
BRDA:240,29,0,6
BRDA:240,29,1,5
BRDA:248,30,0,0
BRDA:248,31,0,5
BRDA:248,31,1,5
BRDA:260,32,0,1
BRDA:263,33,0,1
BRDA:285,34,0,1
BRDA:285,35,0,4
BRDA:285,35,1,3
BRDA:293,36,0,1
BRDA:326,37,0,1
BRDA:326,38,0,7
BRDA:326,38,1,6
BRDA:336,39,0,6
BRDA:336,39,1,0
BRDA:336,40,0,6
BRDA:336,40,1,6
BRDA:341,41,0,1
BRDA:341,42,0,6
BRDA:341,42,1,5
BRDA:341,42,2,5
BRDA:341,42,3,5
BRDA:349,43,0,0
BRDA:349,43,1,0
BRDA:402,44,0,1
BRDA:405,45,0,1
BRF:68
BRH:56
end_of_record
