TN:
SF:src/utils/contentProcessor.ts
FN:85,sanitizeHTML
FN:106,validateHTML
FN:151,validateHTMLSyntax
FN:163,(anonymous_4)
FN:206,(anonymous_5)
FN:220,(anonymous_6)
FN:240,markdownToHTML
FN:266,escapeHTML
FN:277,textToHTML
FN:293,processContent
FN:319,getContentWarnings
FN:344,(anonymous_12)
FNF:12
FNH:12
FNDA:35,sanitizeHTML
FNDA:19,validateHTML
FNDA:21,validateHTMLSyntax
FNDA:65,(anonymous_4)
FNDA:2,(anonymous_5)
FNDA:5,(anonymous_6)
FNDA:12,markdownToHTML
FNDA:12,escapeHTML
FNDA:7,textToHTML
FNDA:13,processContent
FNDA:12,getContentWarnings
FNDA:3,(anonymous_12)
DA:1,1
DA:2,1
DA:17,1
DA:85,1
DA:86,35
DA:87,3
DA:90,32
DA:92,32
DA:93,31
DA:95,1
DA:97,1
DA:106,1
DA:107,19
DA:109,19
DA:110,2
DA:114,17
DA:115,7
DA:119,17
DA:120,3
DA:124,17
DA:125,1
DA:129,17
DA:130,1
DA:134,17
DA:135,2
DA:139,17
DA:140,2
DA:143,17
DA:151,1
DA:152,21
DA:154,21
DA:155,1
DA:160,20
DA:161,20
DA:163,20
DA:166,65
DA:167,65
DA:169,65
DA:170,3
DA:174,65
DA:175,0
DA:181,20
DA:184,20
DA:185,20
DA:188,20
DA:189,65
DA:190,65
DA:191,65
DA:192,65
DA:194,65
DA:196,29
DA:197,1
DA:199,28
DA:200,28
DA:201,26
DA:204,2
DA:206,2
DA:207,2
DA:208,2
DA:212,36
DA:214,33
DA:219,20
DA:220,3
DA:221,5
DA:226,20
DA:228,20
DA:229,1
DA:232,20
DA:240,1
DA:241,12
DA:242,2
DA:245,10
DA:247,10
DA:252,10
DA:254,10
DA:256,0
DA:257,0
DA:266,1
DA:267,12
DA:268,12
DA:269,12
DA:277,1
DA:278,7
DA:279,2
DA:283,5
DA:284,5
DA:293,1
DA:294,13
DA:295,3
DA:298,10
DA:300,3
DA:303,3
DA:305,2
DA:308,2
DA:309,2
DA:319,1
DA:320,12
DA:321,2
DA:324,10
DA:327,4
DA:328,4
DA:329,4
DA:333,5
DA:334,5
DA:336,5
DA:338,4
DA:339,4
DA:340,4
DA:342,4
DA:343,4
DA:344,3
DA:345,3
DA:349,2
DA:352,1
DA:354,0
LF:115
LH:111
BRDA:86,0,0,3
BRDA:109,1,0,2
BRDA:114,2,0,7
BRDA:119,3,0,3
BRDA:124,4,0,1
BRDA:129,5,0,1
BRDA:134,6,0,2
BRDA:139,7,0,2
BRDA:154,8,0,1
BRDA:161,9,0,20
BRDA:161,9,1,0
BRDA:169,10,0,3
BRDA:169,11,0,65
BRDA:169,11,1,64
BRDA:170,12,0,0
BRDA:170,12,1,3
BRDA:174,13,0,0
BRDA:174,14,0,65
BRDA:174,14,1,65
BRDA:175,15,0,0
BRDA:175,15,1,0
BRDA:192,16,0,65
BRDA:192,16,1,64
BRDA:194,17,0,29
BRDA:194,17,1,36
BRDA:196,18,0,1
BRDA:196,18,1,28
BRDA:200,19,0,26
BRDA:200,19,1,2
BRDA:207,20,0,2
BRDA:212,21,0,33
BRDA:219,22,0,3
BRDA:229,23,0,0
BRDA:229,23,1,1
BRDA:241,24,0,2
BRDA:278,25,0,2
BRDA:294,26,0,3
BRDA:298,27,0,3
BRDA:298,27,1,3
BRDA:298,27,2,2
BRDA:298,27,3,2
BRDA:320,28,0,2
BRDA:324,29,0,4
BRDA:324,29,1,5
BRDA:324,29,2,1
BRDA:324,29,3,0
BRDA:336,30,0,4
BRDA:343,31,0,3
BRF:48
BRH:41
end_of_record
TN:
SF:src/utils/editingUtils.ts
FN:10,checkUserRole
FN:36,canEdit
FN:59,generateTempId
FNF:3
FNH:3
FNDA:9,checkUserRole
FNDA:12,canEdit
FNDA:18,generateTempId
DA:10,1
DA:12,9
DA:13,2
DA:16,7
DA:21,7
DA:22,7
DA:24,0
DA:25,0
DA:36,1
DA:42,12
DA:43,4
DA:47,8
DA:48,4
DA:52,4
DA:59,1
DA:60,18
LF:16
LH:14
BRDA:12,0,0,2
BRDA:12,1,0,9
BRDA:12,1,1,7
BRDA:42,2,0,4
BRDA:47,3,0,4
BRF:5
BRH:5
end_of_record
